[2018-10-20T21:12:33.822][ERROR  10392  default] /api/article/list { page: 1 } { Error: ER_PARSE_ERROR: You have an error in your SQL syntax; check the manual that corresponds to your MySQL server version for the right syntax to use near 'status <> 'delete'
      
    order by create_time DESC
    LIMIT 0,
    10' at line 15
    at Query.Sequence._packetToError (S:\github\Genluo\node_modules\mysql\lib\protocol\sequences\Sequence.js:47:14)
    at Query.ErrorPacket (S:\github\Genluo\node_modules\mysql\lib\protocol\sequences\Query.js:77:18)
    at Protocol._parsePacket (S:\github\Genluo\node_modules\mysql\lib\protocol\Protocol.js:278:23)
    at Parser.write (S:\github\Genluo\node_modules\mysql\lib\protocol\Parser.js:76:12)
    at Protocol.write (S:\github\Genluo\node_modules\mysql\lib\protocol\Protocol.js:38:16)
    at Socket.<anonymous> (S:\github\Genluo\node_modules\mysql\lib\Connection.js:91:28)
    at Socket.<anonymous> (S:\github\Genluo\node_modules\mysql\lib\Connection.js:502:10)
    at emitOne (events.js:116:13)
    at Socket.emit (events.js:211:7)
    at addChunk (_stream_readable.js:263:12)
    at readableAddChunk (_stream_readable.js:250:11)
    at Socket.Readable.push (_stream_readable.js:208:10)
    at TCP.onread (net.js:601:20)
    --------------------
    at Protocol._enqueue (S:\github\Genluo\node_modules\mysql\lib\protocol\Protocol.js:144:48)
    at PoolConnection.query (S:\github\Genluo\node_modules\mysql\lib\Connection.js:200:25)
    at pool.getConnection (S:\github\Genluo\server\db\index.js:11:20)
    at Handshake.onConnect (S:\github\Genluo\node_modules\mysql\lib\Pool.js:64:7)
    at Handshake.<anonymous> (S:\github\Genluo\node_modules\mysql\lib\Connection.js:502:10)
    at Handshake._callback (S:\github\Genluo\node_modules\mysql\lib\Connection.js:468:16)
    at Handshake.Sequence.end (S:\github\Genluo\node_modules\mysql\lib\protocol\sequences\Sequence.js:83:24)
    at Handshake.Sequence.OkPacket (S:\github\Genluo\node_modules\mysql\lib\protocol\sequences\Sequence.js:92:8)
    at Protocol._parsePacket (S:\github\Genluo\node_modules\mysql\lib\protocol\Protocol.js:278:23)
    at Parser.write (S:\github\Genluo\node_modules\mysql\lib\protocol\Parser.js:76:12)
    at Protocol.write (S:\github\Genluo\node_modules\mysql\lib\protocol\Protocol.js:38:16)
    at Socket.<anonymous> (S:\github\Genluo\node_modules\mysql\lib\Connection.js:91:28)
    at Socket.<anonymous> (S:\github\Genluo\node_modules\mysql\lib\Connection.js:502:10)
    at emitOne (events.js:116:13)
    at Socket.emit (events.js:211:7)
    at addChunk (_stream_readable.js:263:12)
  code: 'ER_PARSE_ERROR',
  errno: 1064,
  sqlMessage: 'You have an error in your SQL syntax; check the manual that corresponds to your MySQL server version for the right syntax to use near \'status <> \'delete\'\n      \n    order by create_time DESC\n    LIMIT 0,\n    10\' at line 15',
  sqlState: '42000',
  index: 0,
  sql: '\n    SELECT\n      title,\n      update_time,\n      read_num,\n      descript,\n      create_time,\n      STATUS,\n      categroy_id,\n      \n      name as \'categroy_name\',\n      article.id AS \'article_id\'\n    FROM\n      article,\n      categroy\n    WHERE\n      article.categroy_id = categroy.id \n      \n      \n      status <> \'delete\'\n      \n    order by create_time DESC\n    LIMIT 0,\n    10;\n  ' }
[2018-10-20T21:12:33.943][ERROR  10392  default] /api/article/list { page: 1 } { Error: ER_PARSE_ERROR: You have an error in your SQL syntax; check the manual that corresponds to your MySQL server version for the right syntax to use near 'status <> 'delete'
      
    order by create_time DESC
    LIMIT 0,
    10' at line 15
    at Query.Sequence._packetToError (S:\github\Genluo\node_modules\mysql\lib\protocol\sequences\Sequence.js:47:14)
    at Query.ErrorPacket (S:\github\Genluo\node_modules\mysql\lib\protocol\sequences\Query.js:77:18)
    at Protocol._parsePacket (S:\github\Genluo\node_modules\mysql\lib\protocol\Protocol.js:278:23)
    at Parser.write (S:\github\Genluo\node_modules\mysql\lib\protocol\Parser.js:76:12)
    at Protocol.write (S:\github\Genluo\node_modules\mysql\lib\protocol\Protocol.js:38:16)
    at Socket.<anonymous> (S:\github\Genluo\node_modules\mysql\lib\Connection.js:91:28)
    at Socket.<anonymous> (S:\github\Genluo\node_modules\mysql\lib\Connection.js:502:10)
    at emitOne (events.js:116:13)
    at Socket.emit (events.js:211:7)
    at addChunk (_stream_readable.js:263:12)
    at readableAddChunk (_stream_readable.js:250:11)
    at Socket.Readable.push (_stream_readable.js:208:10)
    at TCP.onread (net.js:601:20)
    --------------------
    at Protocol._enqueue (S:\github\Genluo\node_modules\mysql\lib\protocol\Protocol.js:144:48)
    at PoolConnection.query (S:\github\Genluo\node_modules\mysql\lib\Connection.js:200:25)
    at pool.getConnection (S:\github\Genluo\server\db\index.js:11:20)
    at Ping.onOperationComplete (S:\github\Genluo\node_modules\mysql\lib\Pool.js:110:5)
    at Ping.<anonymous> (S:\github\Genluo\node_modules\mysql\lib\Connection.js:502:10)
    at Ping._callback (S:\github\Genluo\node_modules\mysql\lib\Connection.js:468:16)
    at Ping.Sequence.end (S:\github\Genluo\node_modules\mysql\lib\protocol\sequences\Sequence.js:83:24)
    at Ping.Sequence.OkPacket (S:\github\Genluo\node_modules\mysql\lib\protocol\sequences\Sequence.js:92:8)
    at Protocol._parsePacket (S:\github\Genluo\node_modules\mysql\lib\protocol\Protocol.js:278:23)
    at Parser.write (S:\github\Genluo\node_modules\mysql\lib\protocol\Parser.js:76:12)
    at Protocol.write (S:\github\Genluo\node_modules\mysql\lib\protocol\Protocol.js:38:16)
    at Socket.<anonymous> (S:\github\Genluo\node_modules\mysql\lib\Connection.js:91:28)
    at Socket.<anonymous> (S:\github\Genluo\node_modules\mysql\lib\Connection.js:502:10)
    at emitOne (events.js:116:13)
    at Socket.emit (events.js:211:7)
    at addChunk (_stream_readable.js:263:12)
  code: 'ER_PARSE_ERROR',
  errno: 1064,
  sqlMessage: 'You have an error in your SQL syntax; check the manual that corresponds to your MySQL server version for the right syntax to use near \'status <> \'delete\'\n      \n    order by create_time DESC\n    LIMIT 0,\n    10\' at line 15',
  sqlState: '42000',
  index: 0,
  sql: '\n    SELECT\n      title,\n      update_time,\n      read_num,\n      descript,\n      create_time,\n      STATUS,\n      categroy_id,\n      \n      name as \'categroy_name\',\n      article.id AS \'article_id\'\n    FROM\n      article,\n      categroy\n    WHERE\n      article.categroy_id = categroy.id \n      \n      \n      status <> \'delete\'\n      \n    order by create_time DESC\n    LIMIT 0,\n    10;\n  ' }
[2018-10-20T21:12:36.358][ERROR  10392  default] /api/article/list { page: 1 } { Error: ER_PARSE_ERROR: You have an error in your SQL syntax; check the manual that corresponds to your MySQL server version for the right syntax to use near 'status <> 'delete'
      
    order by create_time DESC
    LIMIT 0,
    10' at line 15
    at Query.Sequence._packetToError (S:\github\Genluo\node_modules\mysql\lib\protocol\sequences\Sequence.js:47:14)
    at Query.ErrorPacket (S:\github\Genluo\node_modules\mysql\lib\protocol\sequences\Query.js:77:18)
    at Protocol._parsePacket (S:\github\Genluo\node_modules\mysql\lib\protocol\Protocol.js:278:23)
    at Parser.write (S:\github\Genluo\node_modules\mysql\lib\protocol\Parser.js:76:12)
    at Protocol.write (S:\github\Genluo\node_modules\mysql\lib\protocol\Protocol.js:38:16)
    at Socket.<anonymous> (S:\github\Genluo\node_modules\mysql\lib\Connection.js:91:28)
    at Socket.<anonymous> (S:\github\Genluo\node_modules\mysql\lib\Connection.js:502:10)
    at emitOne (events.js:116:13)
    at Socket.emit (events.js:211:7)
    at addChunk (_stream_readable.js:263:12)
    at readableAddChunk (_stream_readable.js:250:11)
    at Socket.Readable.push (_stream_readable.js:208:10)
    at TCP.onread (net.js:601:20)
    --------------------
    at Protocol._enqueue (S:\github\Genluo\node_modules\mysql\lib\protocol\Protocol.js:144:48)
    at PoolConnection.query (S:\github\Genluo\node_modules\mysql\lib\Connection.js:200:25)
    at pool.getConnection (S:\github\Genluo\server\db\index.js:11:20)
    at Ping.onOperationComplete (S:\github\Genluo\node_modules\mysql\lib\Pool.js:110:5)
    at Ping.<anonymous> (S:\github\Genluo\node_modules\mysql\lib\Connection.js:502:10)
    at Ping._callback (S:\github\Genluo\node_modules\mysql\lib\Connection.js:468:16)
    at Ping.Sequence.end (S:\github\Genluo\node_modules\mysql\lib\protocol\sequences\Sequence.js:83:24)
    at Ping.Sequence.OkPacket (S:\github\Genluo\node_modules\mysql\lib\protocol\sequences\Sequence.js:92:8)
    at Protocol._parsePacket (S:\github\Genluo\node_modules\mysql\lib\protocol\Protocol.js:278:23)
    at Parser.write (S:\github\Genluo\node_modules\mysql\lib\protocol\Parser.js:76:12)
    at Protocol.write (S:\github\Genluo\node_modules\mysql\lib\protocol\Protocol.js:38:16)
    at Socket.<anonymous> (S:\github\Genluo\node_modules\mysql\lib\Connection.js:91:28)
    at Socket.<anonymous> (S:\github\Genluo\node_modules\mysql\lib\Connection.js:502:10)
    at emitOne (events.js:116:13)
    at Socket.emit (events.js:211:7)
    at addChunk (_stream_readable.js:263:12)
  code: 'ER_PARSE_ERROR',
  errno: 1064,
  sqlMessage: 'You have an error in your SQL syntax; check the manual that corresponds to your MySQL server version for the right syntax to use near \'status <> \'delete\'\n      \n    order by create_time DESC\n    LIMIT 0,\n    10\' at line 15',
  sqlState: '42000',
  index: 0,
  sql: '\n    SELECT\n      title,\n      update_time,\n      read_num,\n      descript,\n      create_time,\n      STATUS,\n      categroy_id,\n      \n      name as \'categroy_name\',\n      article.id AS \'article_id\'\n    FROM\n      article,\n      categroy\n    WHERE\n      article.categroy_id = categroy.id \n      \n      \n      status <> \'delete\'\n      \n    order by create_time DESC\n    LIMIT 0,\n    10;\n  ' }
[2018-10-20T21:12:46.563][ERROR  10392  default] /api/article/list { page: 1 } { Error: ER_PARSE_ERROR: You have an error in your SQL syntax; check the manual that corresponds to your MySQL server version for the right syntax to use near 'status <> 'delete'
      
    order by create_time DESC
    LIMIT 0,
    10' at line 15
    at Query.Sequence._packetToError (S:\github\Genluo\node_modules\mysql\lib\protocol\sequences\Sequence.js:47:14)
    at Query.ErrorPacket (S:\github\Genluo\node_modules\mysql\lib\protocol\sequences\Query.js:77:18)
    at Protocol._parsePacket (S:\github\Genluo\node_modules\mysql\lib\protocol\Protocol.js:278:23)
    at Parser.write (S:\github\Genluo\node_modules\mysql\lib\protocol\Parser.js:76:12)
    at Protocol.write (S:\github\Genluo\node_modules\mysql\lib\protocol\Protocol.js:38:16)
    at Socket.<anonymous> (S:\github\Genluo\node_modules\mysql\lib\Connection.js:91:28)
    at Socket.<anonymous> (S:\github\Genluo\node_modules\mysql\lib\Connection.js:502:10)
    at emitOne (events.js:116:13)
    at Socket.emit (events.js:211:7)
    at addChunk (_stream_readable.js:263:12)
    at readableAddChunk (_stream_readable.js:250:11)
    at Socket.Readable.push (_stream_readable.js:208:10)
    at TCP.onread (net.js:601:20)
    --------------------
    at Protocol._enqueue (S:\github\Genluo\node_modules\mysql\lib\protocol\Protocol.js:144:48)
    at PoolConnection.query (S:\github\Genluo\node_modules\mysql\lib\Connection.js:200:25)
    at pool.getConnection (S:\github\Genluo\server\db\index.js:11:20)
    at Ping.onOperationComplete (S:\github\Genluo\node_modules\mysql\lib\Pool.js:110:5)
    at Ping.<anonymous> (S:\github\Genluo\node_modules\mysql\lib\Connection.js:502:10)
    at Ping._callback (S:\github\Genluo\node_modules\mysql\lib\Connection.js:468:16)
    at Ping.Sequence.end (S:\github\Genluo\node_modules\mysql\lib\protocol\sequences\Sequence.js:83:24)
    at Ping.Sequence.OkPacket (S:\github\Genluo\node_modules\mysql\lib\protocol\sequences\Sequence.js:92:8)
    at Protocol._parsePacket (S:\github\Genluo\node_modules\mysql\lib\protocol\Protocol.js:278:23)
    at Parser.write (S:\github\Genluo\node_modules\mysql\lib\protocol\Parser.js:76:12)
    at Protocol.write (S:\github\Genluo\node_modules\mysql\lib\protocol\Protocol.js:38:16)
    at Socket.<anonymous> (S:\github\Genluo\node_modules\mysql\lib\Connection.js:91:28)
    at Socket.<anonymous> (S:\github\Genluo\node_modules\mysql\lib\Connection.js:502:10)
    at emitOne (events.js:116:13)
    at Socket.emit (events.js:211:7)
    at addChunk (_stream_readable.js:263:12)
  code: 'ER_PARSE_ERROR',
  errno: 1064,
  sqlMessage: 'You have an error in your SQL syntax; check the manual that corresponds to your MySQL server version for the right syntax to use near \'status <> \'delete\'\n      \n    order by create_time DESC\n    LIMIT 0,\n    10\' at line 15',
  sqlState: '42000',
  index: 0,
  sql: '\n    SELECT\n      title,\n      update_time,\n      read_num,\n      descript,\n      create_time,\n      STATUS,\n      categroy_id,\n      \n      name as \'categroy_name\',\n      article.id AS \'article_id\'\n    FROM\n      article,\n      categroy\n    WHERE\n      article.categroy_id = categroy.id \n      \n      \n      status <> \'delete\'\n      \n    order by create_time DESC\n    LIMIT 0,\n    10;\n  ' }
[2018-10-20T21:12:46.640][ERROR  10392  default] /api/article/list { page: 1 } { Error: ER_PARSE_ERROR: You have an error in your SQL syntax; check the manual that corresponds to your MySQL server version for the right syntax to use near 'status <> 'delete'
      
    order by create_time DESC
    LIMIT 0,
    10' at line 15
    at Query.Sequence._packetToError (S:\github\Genluo\node_modules\mysql\lib\protocol\sequences\Sequence.js:47:14)
    at Query.ErrorPacket (S:\github\Genluo\node_modules\mysql\lib\protocol\sequences\Query.js:77:18)
    at Protocol._parsePacket (S:\github\Genluo\node_modules\mysql\lib\protocol\Protocol.js:278:23)
    at Parser.write (S:\github\Genluo\node_modules\mysql\lib\protocol\Parser.js:76:12)
    at Protocol.write (S:\github\Genluo\node_modules\mysql\lib\protocol\Protocol.js:38:16)
    at Socket.<anonymous> (S:\github\Genluo\node_modules\mysql\lib\Connection.js:91:28)
    at Socket.<anonymous> (S:\github\Genluo\node_modules\mysql\lib\Connection.js:502:10)
    at emitOne (events.js:116:13)
    at Socket.emit (events.js:211:7)
    at addChunk (_stream_readable.js:263:12)
    at readableAddChunk (_stream_readable.js:250:11)
    at Socket.Readable.push (_stream_readable.js:208:10)
    at TCP.onread (net.js:601:20)
    --------------------
    at Protocol._enqueue (S:\github\Genluo\node_modules\mysql\lib\protocol\Protocol.js:144:48)
    at PoolConnection.query (S:\github\Genluo\node_modules\mysql\lib\Connection.js:200:25)
    at pool.getConnection (S:\github\Genluo\server\db\index.js:11:20)
    at Ping.onOperationComplete (S:\github\Genluo\node_modules\mysql\lib\Pool.js:110:5)
    at Ping.<anonymous> (S:\github\Genluo\node_modules\mysql\lib\Connection.js:502:10)
    at Ping._callback (S:\github\Genluo\node_modules\mysql\lib\Connection.js:468:16)
    at Ping.Sequence.end (S:\github\Genluo\node_modules\mysql\lib\protocol\sequences\Sequence.js:83:24)
    at Ping.Sequence.OkPacket (S:\github\Genluo\node_modules\mysql\lib\protocol\sequences\Sequence.js:92:8)
    at Protocol._parsePacket (S:\github\Genluo\node_modules\mysql\lib\protocol\Protocol.js:278:23)
    at Parser.write (S:\github\Genluo\node_modules\mysql\lib\protocol\Parser.js:76:12)
    at Protocol.write (S:\github\Genluo\node_modules\mysql\lib\protocol\Protocol.js:38:16)
    at Socket.<anonymous> (S:\github\Genluo\node_modules\mysql\lib\Connection.js:91:28)
    at Socket.<anonymous> (S:\github\Genluo\node_modules\mysql\lib\Connection.js:502:10)
    at emitOne (events.js:116:13)
    at Socket.emit (events.js:211:7)
    at addChunk (_stream_readable.js:263:12)
  code: 'ER_PARSE_ERROR',
  errno: 1064,
  sqlMessage: 'You have an error in your SQL syntax; check the manual that corresponds to your MySQL server version for the right syntax to use near \'status <> \'delete\'\n      \n    order by create_time DESC\n    LIMIT 0,\n    10\' at line 15',
  sqlState: '42000',
  index: 0,
  sql: '\n    SELECT\n      title,\n      update_time,\n      read_num,\n      descript,\n      create_time,\n      STATUS,\n      categroy_id,\n      \n      name as \'categroy_name\',\n      article.id AS \'article_id\'\n    FROM\n      article,\n      categroy\n    WHERE\n      article.categroy_id = categroy.id \n      \n      \n      status <> \'delete\'\n      \n    order by create_time DESC\n    LIMIT 0,\n    10;\n  ' }
[2018-10-20T21:21:53.974][ERROR  10392  default] /api/article/list { page: 1 } { Error: ER_PARSE_ERROR: You have an error in your SQL syntax; check the manual that corresponds to your MySQL server version for the right syntax to use near 'status <> 'delete'
      
    order by create_time DESC
    LIMIT 0,
    10' at line 15
    at Query.Sequence._packetToError (S:\github\Genluo\node_modules\mysql\lib\protocol\sequences\Sequence.js:47:14)
    at Query.ErrorPacket (S:\github\Genluo\node_modules\mysql\lib\protocol\sequences\Query.js:77:18)
    at Protocol._parsePacket (S:\github\Genluo\node_modules\mysql\lib\protocol\Protocol.js:278:23)
    at Parser.write (S:\github\Genluo\node_modules\mysql\lib\protocol\Parser.js:76:12)
    at Protocol.write (S:\github\Genluo\node_modules\mysql\lib\protocol\Protocol.js:38:16)
    at Socket.<anonymous> (S:\github\Genluo\node_modules\mysql\lib\Connection.js:91:28)
    at Socket.<anonymous> (S:\github\Genluo\node_modules\mysql\lib\Connection.js:502:10)
    at emitOne (events.js:116:13)
    at Socket.emit (events.js:211:7)
    at addChunk (_stream_readable.js:263:12)
    at readableAddChunk (_stream_readable.js:250:11)
    at Socket.Readable.push (_stream_readable.js:208:10)
    at TCP.onread (net.js:601:20)
    --------------------
    at Protocol._enqueue (S:\github\Genluo\node_modules\mysql\lib\protocol\Protocol.js:144:48)
    at PoolConnection.query (S:\github\Genluo\node_modules\mysql\lib\Connection.js:200:25)
    at pool.getConnection (S:\github\Genluo\server\db\index.js:11:20)
    at Ping.onOperationComplete (S:\github\Genluo\node_modules\mysql\lib\Pool.js:110:5)
    at Ping.<anonymous> (S:\github\Genluo\node_modules\mysql\lib\Connection.js:502:10)
    at Ping._callback (S:\github\Genluo\node_modules\mysql\lib\Connection.js:468:16)
    at Ping.Sequence.end (S:\github\Genluo\node_modules\mysql\lib\protocol\sequences\Sequence.js:83:24)
    at Ping.Sequence.OkPacket (S:\github\Genluo\node_modules\mysql\lib\protocol\sequences\Sequence.js:92:8)
    at Protocol._parsePacket (S:\github\Genluo\node_modules\mysql\lib\protocol\Protocol.js:278:23)
    at Parser.write (S:\github\Genluo\node_modules\mysql\lib\protocol\Parser.js:76:12)
    at Protocol.write (S:\github\Genluo\node_modules\mysql\lib\protocol\Protocol.js:38:16)
    at Socket.<anonymous> (S:\github\Genluo\node_modules\mysql\lib\Connection.js:91:28)
    at Socket.<anonymous> (S:\github\Genluo\node_modules\mysql\lib\Connection.js:502:10)
    at emitOne (events.js:116:13)
    at Socket.emit (events.js:211:7)
    at addChunk (_stream_readable.js:263:12)
  code: 'ER_PARSE_ERROR',
  errno: 1064,
  sqlMessage: 'You have an error in your SQL syntax; check the manual that corresponds to your MySQL server version for the right syntax to use near \'status <> \'delete\'\n      \n    order by create_time DESC\n    LIMIT 0,\n    10\' at line 15',
  sqlState: '42000',
  index: 0,
  sql: '\n    SELECT\n      title,\n      update_time,\n      read_num,\n      descript,\n      create_time,\n      STATUS,\n      categroy_id,\n      \n      name as \'categroy_name\',\n      article.id AS \'article_id\'\n    FROM\n      article,\n      categroy\n    WHERE\n      article.categroy_id = categroy.id \n      \n      \n      status <> \'delete\'\n      \n    order by create_time DESC\n    LIMIT 0,\n    10;\n  ' }
[2018-10-20T21:22:05.024][ERROR  10392  default] /api/article/list { page: 1 } { Error: ER_PARSE_ERROR: You have an error in your SQL syntax; check the manual that corresponds to your MySQL server version for the right syntax to use near 'status <> 'delete'
      
    order by create_time DESC
    LIMIT 0,
    10' at line 15
    at Query.Sequence._packetToError (S:\github\Genluo\node_modules\mysql\lib\protocol\sequences\Sequence.js:47:14)
    at Query.ErrorPacket (S:\github\Genluo\node_modules\mysql\lib\protocol\sequences\Query.js:77:18)
    at Protocol._parsePacket (S:\github\Genluo\node_modules\mysql\lib\protocol\Protocol.js:278:23)
    at Parser.write (S:\github\Genluo\node_modules\mysql\lib\protocol\Parser.js:76:12)
    at Protocol.write (S:\github\Genluo\node_modules\mysql\lib\protocol\Protocol.js:38:16)
    at Socket.<anonymous> (S:\github\Genluo\node_modules\mysql\lib\Connection.js:91:28)
    at Socket.<anonymous> (S:\github\Genluo\node_modules\mysql\lib\Connection.js:502:10)
    at emitOne (events.js:116:13)
    at Socket.emit (events.js:211:7)
    at addChunk (_stream_readable.js:263:12)
    at readableAddChunk (_stream_readable.js:250:11)
    at Socket.Readable.push (_stream_readable.js:208:10)
    at TCP.onread (net.js:601:20)
    --------------------
    at Protocol._enqueue (S:\github\Genluo\node_modules\mysql\lib\protocol\Protocol.js:144:48)
    at PoolConnection.query (S:\github\Genluo\node_modules\mysql\lib\Connection.js:200:25)
    at pool.getConnection (S:\github\Genluo\server\db\index.js:11:20)
    at Ping.onOperationComplete (S:\github\Genluo\node_modules\mysql\lib\Pool.js:110:5)
    at Ping.<anonymous> (S:\github\Genluo\node_modules\mysql\lib\Connection.js:502:10)
    at Ping._callback (S:\github\Genluo\node_modules\mysql\lib\Connection.js:468:16)
    at Ping.Sequence.end (S:\github\Genluo\node_modules\mysql\lib\protocol\sequences\Sequence.js:83:24)
    at Ping.Sequence.OkPacket (S:\github\Genluo\node_modules\mysql\lib\protocol\sequences\Sequence.js:92:8)
    at Protocol._parsePacket (S:\github\Genluo\node_modules\mysql\lib\protocol\Protocol.js:278:23)
    at Parser.write (S:\github\Genluo\node_modules\mysql\lib\protocol\Parser.js:76:12)
    at Protocol.write (S:\github\Genluo\node_modules\mysql\lib\protocol\Protocol.js:38:16)
    at Socket.<anonymous> (S:\github\Genluo\node_modules\mysql\lib\Connection.js:91:28)
    at Socket.<anonymous> (S:\github\Genluo\node_modules\mysql\lib\Connection.js:502:10)
    at emitOne (events.js:116:13)
    at Socket.emit (events.js:211:7)
    at addChunk (_stream_readable.js:263:12)
  code: 'ER_PARSE_ERROR',
  errno: 1064,
  sqlMessage: 'You have an error in your SQL syntax; check the manual that corresponds to your MySQL server version for the right syntax to use near \'status <> \'delete\'\n      \n    order by create_time DESC\n    LIMIT 0,\n    10\' at line 15',
  sqlState: '42000',
  index: 0,
  sql: '\n    SELECT\n      title,\n      update_time,\n      read_num,\n      descript,\n      create_time,\n      STATUS,\n      categroy_id,\n      \n      name as \'categroy_name\',\n      article.id AS \'article_id\'\n    FROM\n      article,\n      categroy\n    WHERE\n      article.categroy_id = categroy.id \n      \n      \n      status <> \'delete\'\n      \n    order by create_time DESC\n    LIMIT 0,\n    10;\n  ' }
[2018-10-20T21:23:08.594][ERROR  10392  default] /api/article/list { page: 1 } { Error: ER_PARSE_ERROR: You have an error in your SQL syntax; check the manual that corresponds to your MySQL server version for the right syntax to use near 'status <> 'delete'
      
    order by create_time DESC
    LIMIT 0,
    10' at line 15
    at Query.Sequence._packetToError (S:\github\Genluo\node_modules\mysql\lib\protocol\sequences\Sequence.js:47:14)
    at Query.ErrorPacket (S:\github\Genluo\node_modules\mysql\lib\protocol\sequences\Query.js:77:18)
    at Protocol._parsePacket (S:\github\Genluo\node_modules\mysql\lib\protocol\Protocol.js:278:23)
    at Parser.write (S:\github\Genluo\node_modules\mysql\lib\protocol\Parser.js:76:12)
    at Protocol.write (S:\github\Genluo\node_modules\mysql\lib\protocol\Protocol.js:38:16)
    at Socket.<anonymous> (S:\github\Genluo\node_modules\mysql\lib\Connection.js:91:28)
    at Socket.<anonymous> (S:\github\Genluo\node_modules\mysql\lib\Connection.js:502:10)
    at emitOne (events.js:116:13)
    at Socket.emit (events.js:211:7)
    at addChunk (_stream_readable.js:263:12)
    at readableAddChunk (_stream_readable.js:250:11)
    at Socket.Readable.push (_stream_readable.js:208:10)
    at TCP.onread (net.js:601:20)
    --------------------
    at Protocol._enqueue (S:\github\Genluo\node_modules\mysql\lib\protocol\Protocol.js:144:48)
    at PoolConnection.query (S:\github\Genluo\node_modules\mysql\lib\Connection.js:200:25)
    at pool.getConnection (S:\github\Genluo\server\db\index.js:11:20)
    at Ping.onOperationComplete (S:\github\Genluo\node_modules\mysql\lib\Pool.js:110:5)
    at Ping.<anonymous> (S:\github\Genluo\node_modules\mysql\lib\Connection.js:502:10)
    at Ping._callback (S:\github\Genluo\node_modules\mysql\lib\Connection.js:468:16)
    at Ping.Sequence.end (S:\github\Genluo\node_modules\mysql\lib\protocol\sequences\Sequence.js:83:24)
    at Ping.Sequence.OkPacket (S:\github\Genluo\node_modules\mysql\lib\protocol\sequences\Sequence.js:92:8)
    at Protocol._parsePacket (S:\github\Genluo\node_modules\mysql\lib\protocol\Protocol.js:278:23)
    at Parser.write (S:\github\Genluo\node_modules\mysql\lib\protocol\Parser.js:76:12)
    at Protocol.write (S:\github\Genluo\node_modules\mysql\lib\protocol\Protocol.js:38:16)
    at Socket.<anonymous> (S:\github\Genluo\node_modules\mysql\lib\Connection.js:91:28)
    at Socket.<anonymous> (S:\github\Genluo\node_modules\mysql\lib\Connection.js:502:10)
    at emitOne (events.js:116:13)
    at Socket.emit (events.js:211:7)
    at addChunk (_stream_readable.js:263:12)
  code: 'ER_PARSE_ERROR',
  errno: 1064,
  sqlMessage: 'You have an error in your SQL syntax; check the manual that corresponds to your MySQL server version for the right syntax to use near \'status <> \'delete\'\n      \n    order by create_time DESC\n    LIMIT 0,\n    10\' at line 15',
  sqlState: '42000',
  index: 0,
  sql: '\n    SELECT\n      title,\n      update_time,\n      read_num,\n      descript,\n      create_time,\n      STATUS,\n      categroy_id,\n      \n      name as \'categroy_name\',\n      article.id AS \'article_id\'\n    FROM\n      article,\n      categroy\n    WHERE\n      article.categroy_id = categroy.id \n      \n      \n      status <> \'delete\'\n      \n    order by create_time DESC\n    LIMIT 0,\n    10;\n  ' }
[2018-10-20T21:23:08.663][ERROR  10392  default] /api/article/list { page: 1 } { Error: ER_PARSE_ERROR: You have an error in your SQL syntax; check the manual that corresponds to your MySQL server version for the right syntax to use near 'status <> 'delete'
      
    order by create_time DESC
    LIMIT 0,
    10' at line 15
    at Query.Sequence._packetToError (S:\github\Genluo\node_modules\mysql\lib\protocol\sequences\Sequence.js:47:14)
    at Query.ErrorPacket (S:\github\Genluo\node_modules\mysql\lib\protocol\sequences\Query.js:77:18)
    at Protocol._parsePacket (S:\github\Genluo\node_modules\mysql\lib\protocol\Protocol.js:278:23)
    at Parser.write (S:\github\Genluo\node_modules\mysql\lib\protocol\Parser.js:76:12)
    at Protocol.write (S:\github\Genluo\node_modules\mysql\lib\protocol\Protocol.js:38:16)
    at Socket.<anonymous> (S:\github\Genluo\node_modules\mysql\lib\Connection.js:91:28)
    at Socket.<anonymous> (S:\github\Genluo\node_modules\mysql\lib\Connection.js:502:10)
    at emitOne (events.js:116:13)
    at Socket.emit (events.js:211:7)
    at addChunk (_stream_readable.js:263:12)
    at readableAddChunk (_stream_readable.js:250:11)
    at Socket.Readable.push (_stream_readable.js:208:10)
    at TCP.onread (net.js:601:20)
    --------------------
    at Protocol._enqueue (S:\github\Genluo\node_modules\mysql\lib\protocol\Protocol.js:144:48)
    at PoolConnection.query (S:\github\Genluo\node_modules\mysql\lib\Connection.js:200:25)
    at pool.getConnection (S:\github\Genluo\server\db\index.js:11:20)
    at Handshake.onConnect (S:\github\Genluo\node_modules\mysql\lib\Pool.js:64:7)
    at Handshake.<anonymous> (S:\github\Genluo\node_modules\mysql\lib\Connection.js:502:10)
    at Handshake._callback (S:\github\Genluo\node_modules\mysql\lib\Connection.js:468:16)
    at Handshake.Sequence.end (S:\github\Genluo\node_modules\mysql\lib\protocol\sequences\Sequence.js:83:24)
    at Handshake.Sequence.OkPacket (S:\github\Genluo\node_modules\mysql\lib\protocol\sequences\Sequence.js:92:8)
    at Protocol._parsePacket (S:\github\Genluo\node_modules\mysql\lib\protocol\Protocol.js:278:23)
    at Parser.write (S:\github\Genluo\node_modules\mysql\lib\protocol\Parser.js:76:12)
    at Protocol.write (S:\github\Genluo\node_modules\mysql\lib\protocol\Protocol.js:38:16)
    at Socket.<anonymous> (S:\github\Genluo\node_modules\mysql\lib\Connection.js:91:28)
    at Socket.<anonymous> (S:\github\Genluo\node_modules\mysql\lib\Connection.js:502:10)
    at emitOne (events.js:116:13)
    at Socket.emit (events.js:211:7)
    at addChunk (_stream_readable.js:263:12)
  code: 'ER_PARSE_ERROR',
  errno: 1064,
  sqlMessage: 'You have an error in your SQL syntax; check the manual that corresponds to your MySQL server version for the right syntax to use near \'status <> \'delete\'\n      \n    order by create_time DESC\n    LIMIT 0,\n    10\' at line 15',
  sqlState: '42000',
  index: 0,
  sql: '\n    SELECT\n      title,\n      update_time,\n      read_num,\n      descript,\n      create_time,\n      STATUS,\n      categroy_id,\n      \n      name as \'categroy_name\',\n      article.id AS \'article_id\'\n    FROM\n      article,\n      categroy\n    WHERE\n      article.categroy_id = categroy.id \n      \n      \n      status <> \'delete\'\n      \n    order by create_time DESC\n    LIMIT 0,\n    10;\n  ' }
[2018-10-20T21:23:08.668][ERROR  10392  default] /api/article/list { page: 1 } { Error: ER_PARSE_ERROR: You have an error in your SQL syntax; check the manual that corresponds to your MySQL server version for the right syntax to use near 'status <> 'delete'
      
    order by create_time DESC
    LIMIT 0,
    10' at line 15
    at Query.Sequence._packetToError (S:\github\Genluo\node_modules\mysql\lib\protocol\sequences\Sequence.js:47:14)
    at Query.ErrorPacket (S:\github\Genluo\node_modules\mysql\lib\protocol\sequences\Query.js:77:18)
    at Protocol._parsePacket (S:\github\Genluo\node_modules\mysql\lib\protocol\Protocol.js:278:23)
    at Parser.write (S:\github\Genluo\node_modules\mysql\lib\protocol\Parser.js:76:12)
    at Protocol.write (S:\github\Genluo\node_modules\mysql\lib\protocol\Protocol.js:38:16)
    at Socket.<anonymous> (S:\github\Genluo\node_modules\mysql\lib\Connection.js:91:28)
    at Socket.<anonymous> (S:\github\Genluo\node_modules\mysql\lib\Connection.js:502:10)
    at emitOne (events.js:116:13)
    at Socket.emit (events.js:211:7)
    at addChunk (_stream_readable.js:263:12)
    at readableAddChunk (_stream_readable.js:250:11)
    at Socket.Readable.push (_stream_readable.js:208:10)
    at TCP.onread (net.js:601:20)
    --------------------
    at Protocol._enqueue (S:\github\Genluo\node_modules\mysql\lib\protocol\Protocol.js:144:48)
    at PoolConnection.query (S:\github\Genluo\node_modules\mysql\lib\Connection.js:200:25)
    at pool.getConnection (S:\github\Genluo\server\db\index.js:11:20)
    at Handshake.onConnect (S:\github\Genluo\node_modules\mysql\lib\Pool.js:64:7)
    at Handshake.<anonymous> (S:\github\Genluo\node_modules\mysql\lib\Connection.js:502:10)
    at Handshake._callback (S:\github\Genluo\node_modules\mysql\lib\Connection.js:468:16)
    at Handshake.Sequence.end (S:\github\Genluo\node_modules\mysql\lib\protocol\sequences\Sequence.js:83:24)
    at Handshake.Sequence.OkPacket (S:\github\Genluo\node_modules\mysql\lib\protocol\sequences\Sequence.js:92:8)
    at Protocol._parsePacket (S:\github\Genluo\node_modules\mysql\lib\protocol\Protocol.js:278:23)
    at Parser.write (S:\github\Genluo\node_modules\mysql\lib\protocol\Parser.js:76:12)
    at Protocol.write (S:\github\Genluo\node_modules\mysql\lib\protocol\Protocol.js:38:16)
    at Socket.<anonymous> (S:\github\Genluo\node_modules\mysql\lib\Connection.js:91:28)
    at Socket.<anonymous> (S:\github\Genluo\node_modules\mysql\lib\Connection.js:502:10)
    at emitOne (events.js:116:13)
    at Socket.emit (events.js:211:7)
    at addChunk (_stream_readable.js:263:12)
  code: 'ER_PARSE_ERROR',
  errno: 1064,
  sqlMessage: 'You have an error in your SQL syntax; check the manual that corresponds to your MySQL server version for the right syntax to use near \'status <> \'delete\'\n      \n    order by create_time DESC\n    LIMIT 0,\n    10\' at line 15',
  sqlState: '42000',
  index: 0,
  sql: '\n    SELECT\n      title,\n      update_time,\n      read_num,\n      descript,\n      create_time,\n      STATUS,\n      categroy_id,\n      \n      name as \'categroy_name\',\n      article.id AS \'article_id\'\n    FROM\n      article,\n      categroy\n    WHERE\n      article.categroy_id = categroy.id \n      \n      \n      status <> \'delete\'\n      \n    order by create_time DESC\n    LIMIT 0,\n    10;\n  ' }
[2018-10-20T21:23:23.900][ERROR  10392  default] /api/article/list { page: 1 } { Error: ER_PARSE_ERROR: You have an error in your SQL syntax; check the manual that corresponds to your MySQL server version for the right syntax to use near 'status <> 'delete'
      
    order by create_time DESC
    LIMIT 0,
    10' at line 15
    at Query.Sequence._packetToError (S:\github\Genluo\node_modules\mysql\lib\protocol\sequences\Sequence.js:47:14)
    at Query.ErrorPacket (S:\github\Genluo\node_modules\mysql\lib\protocol\sequences\Query.js:77:18)
    at Protocol._parsePacket (S:\github\Genluo\node_modules\mysql\lib\protocol\Protocol.js:278:23)
    at Parser.write (S:\github\Genluo\node_modules\mysql\lib\protocol\Parser.js:76:12)
    at Protocol.write (S:\github\Genluo\node_modules\mysql\lib\protocol\Protocol.js:38:16)
    at Socket.<anonymous> (S:\github\Genluo\node_modules\mysql\lib\Connection.js:91:28)
    at Socket.<anonymous> (S:\github\Genluo\node_modules\mysql\lib\Connection.js:502:10)
    at emitOne (events.js:116:13)
    at Socket.emit (events.js:211:7)
    at addChunk (_stream_readable.js:263:12)
    at readableAddChunk (_stream_readable.js:250:11)
    at Socket.Readable.push (_stream_readable.js:208:10)
    at TCP.onread (net.js:601:20)
    --------------------
    at Protocol._enqueue (S:\github\Genluo\node_modules\mysql\lib\protocol\Protocol.js:144:48)
    at PoolConnection.query (S:\github\Genluo\node_modules\mysql\lib\Connection.js:200:25)
    at pool.getConnection (S:\github\Genluo\server\db\index.js:11:20)
    at Ping.onOperationComplete (S:\github\Genluo\node_modules\mysql\lib\Pool.js:110:5)
    at Ping.<anonymous> (S:\github\Genluo\node_modules\mysql\lib\Connection.js:502:10)
    at Ping._callback (S:\github\Genluo\node_modules\mysql\lib\Connection.js:468:16)
    at Ping.Sequence.end (S:\github\Genluo\node_modules\mysql\lib\protocol\sequences\Sequence.js:83:24)
    at Ping.Sequence.OkPacket (S:\github\Genluo\node_modules\mysql\lib\protocol\sequences\Sequence.js:92:8)
    at Protocol._parsePacket (S:\github\Genluo\node_modules\mysql\lib\protocol\Protocol.js:278:23)
    at Parser.write (S:\github\Genluo\node_modules\mysql\lib\protocol\Parser.js:76:12)
    at Protocol.write (S:\github\Genluo\node_modules\mysql\lib\protocol\Protocol.js:38:16)
    at Socket.<anonymous> (S:\github\Genluo\node_modules\mysql\lib\Connection.js:91:28)
    at Socket.<anonymous> (S:\github\Genluo\node_modules\mysql\lib\Connection.js:502:10)
    at emitOne (events.js:116:13)
    at Socket.emit (events.js:211:7)
    at addChunk (_stream_readable.js:263:12)
  code: 'ER_PARSE_ERROR',
  errno: 1064,
  sqlMessage: 'You have an error in your SQL syntax; check the manual that corresponds to your MySQL server version for the right syntax to use near \'status <> \'delete\'\n      \n    order by create_time DESC\n    LIMIT 0,\n    10\' at line 15',
  sqlState: '42000',
  index: 0,
  sql: '\n    SELECT\n      title,\n      update_time,\n      read_num,\n      descript,\n      create_time,\n      STATUS,\n      categroy_id,\n      \n      name as \'categroy_name\',\n      article.id AS \'article_id\'\n    FROM\n      article,\n      categroy\n    WHERE\n      article.categroy_id = categroy.id \n      \n      \n      status <> \'delete\'\n      \n    order by create_time DESC\n    LIMIT 0,\n    10;\n  ' }
[2018-10-20T21:23:36.017][ERROR  10392  default] /api/article/list { page: 1 } { Error: ER_PARSE_ERROR: You have an error in your SQL syntax; check the manual that corresponds to your MySQL server version for the right syntax to use near 'status <> 'delete'
      
    order by create_time DESC
    LIMIT 0,
    10' at line 15
    at Query.Sequence._packetToError (S:\github\Genluo\node_modules\mysql\lib\protocol\sequences\Sequence.js:47:14)
    at Query.ErrorPacket (S:\github\Genluo\node_modules\mysql\lib\protocol\sequences\Query.js:77:18)
    at Protocol._parsePacket (S:\github\Genluo\node_modules\mysql\lib\protocol\Protocol.js:278:23)
    at Parser.write (S:\github\Genluo\node_modules\mysql\lib\protocol\Parser.js:76:12)
    at Protocol.write (S:\github\Genluo\node_modules\mysql\lib\protocol\Protocol.js:38:16)
    at Socket.<anonymous> (S:\github\Genluo\node_modules\mysql\lib\Connection.js:91:28)
    at Socket.<anonymous> (S:\github\Genluo\node_modules\mysql\lib\Connection.js:502:10)
    at emitOne (events.js:116:13)
    at Socket.emit (events.js:211:7)
    at addChunk (_stream_readable.js:263:12)
    at readableAddChunk (_stream_readable.js:250:11)
    at Socket.Readable.push (_stream_readable.js:208:10)
    at TCP.onread (net.js:601:20)
    --------------------
    at Protocol._enqueue (S:\github\Genluo\node_modules\mysql\lib\protocol\Protocol.js:144:48)
    at PoolConnection.query (S:\github\Genluo\node_modules\mysql\lib\Connection.js:200:25)
    at pool.getConnection (S:\github\Genluo\server\db\index.js:11:20)
    at Ping.onOperationComplete (S:\github\Genluo\node_modules\mysql\lib\Pool.js:110:5)
    at Ping.<anonymous> (S:\github\Genluo\node_modules\mysql\lib\Connection.js:502:10)
    at Ping._callback (S:\github\Genluo\node_modules\mysql\lib\Connection.js:468:16)
    at Ping.Sequence.end (S:\github\Genluo\node_modules\mysql\lib\protocol\sequences\Sequence.js:83:24)
    at Ping.Sequence.OkPacket (S:\github\Genluo\node_modules\mysql\lib\protocol\sequences\Sequence.js:92:8)
    at Protocol._parsePacket (S:\github\Genluo\node_modules\mysql\lib\protocol\Protocol.js:278:23)
    at Parser.write (S:\github\Genluo\node_modules\mysql\lib\protocol\Parser.js:76:12)
    at Protocol.write (S:\github\Genluo\node_modules\mysql\lib\protocol\Protocol.js:38:16)
    at Socket.<anonymous> (S:\github\Genluo\node_modules\mysql\lib\Connection.js:91:28)
    at Socket.<anonymous> (S:\github\Genluo\node_modules\mysql\lib\Connection.js:502:10)
    at emitOne (events.js:116:13)
    at Socket.emit (events.js:211:7)
    at addChunk (_stream_readable.js:263:12)
  code: 'ER_PARSE_ERROR',
  errno: 1064,
  sqlMessage: 'You have an error in your SQL syntax; check the manual that corresponds to your MySQL server version for the right syntax to use near \'status <> \'delete\'\n      \n    order by create_time DESC\n    LIMIT 0,\n    10\' at line 15',
  sqlState: '42000',
  index: 0,
  sql: '\n    SELECT\n      title,\n      update_time,\n      read_num,\n      descript,\n      create_time,\n      STATUS,\n      categroy_id,\n      \n      name as \'categroy_name\',\n      article.id AS \'article_id\'\n    FROM\n      article,\n      categroy\n    WHERE\n      article.categroy_id = categroy.id \n      \n      \n      status <> \'delete\'\n      \n    order by create_time DESC\n    LIMIT 0,\n    10;\n  ' }
[2018-10-20T21:23:42.055][ERROR  10392  default] /api/article/list { page: 1 } { Error: ER_PARSE_ERROR: You have an error in your SQL syntax; check the manual that corresponds to your MySQL server version for the right syntax to use near 'status <> 'delete'
      
    order by create_time DESC
    LIMIT 0,
    10' at line 15
    at Query.Sequence._packetToError (S:\github\Genluo\node_modules\mysql\lib\protocol\sequences\Sequence.js:47:14)
    at Query.ErrorPacket (S:\github\Genluo\node_modules\mysql\lib\protocol\sequences\Query.js:77:18)
    at Protocol._parsePacket (S:\github\Genluo\node_modules\mysql\lib\protocol\Protocol.js:278:23)
    at Parser.write (S:\github\Genluo\node_modules\mysql\lib\protocol\Parser.js:76:12)
    at Protocol.write (S:\github\Genluo\node_modules\mysql\lib\protocol\Protocol.js:38:16)
    at Socket.<anonymous> (S:\github\Genluo\node_modules\mysql\lib\Connection.js:91:28)
    at Socket.<anonymous> (S:\github\Genluo\node_modules\mysql\lib\Connection.js:502:10)
    at emitOne (events.js:116:13)
    at Socket.emit (events.js:211:7)
    at addChunk (_stream_readable.js:263:12)
    at readableAddChunk (_stream_readable.js:250:11)
    at Socket.Readable.push (_stream_readable.js:208:10)
    at TCP.onread (net.js:601:20)
    --------------------
    at Protocol._enqueue (S:\github\Genluo\node_modules\mysql\lib\protocol\Protocol.js:144:48)
    at PoolConnection.query (S:\github\Genluo\node_modules\mysql\lib\Connection.js:200:25)
    at pool.getConnection (S:\github\Genluo\server\db\index.js:11:20)
    at Ping.onOperationComplete (S:\github\Genluo\node_modules\mysql\lib\Pool.js:110:5)
    at Ping.<anonymous> (S:\github\Genluo\node_modules\mysql\lib\Connection.js:502:10)
    at Ping._callback (S:\github\Genluo\node_modules\mysql\lib\Connection.js:468:16)
    at Ping.Sequence.end (S:\github\Genluo\node_modules\mysql\lib\protocol\sequences\Sequence.js:83:24)
    at Ping.Sequence.OkPacket (S:\github\Genluo\node_modules\mysql\lib\protocol\sequences\Sequence.js:92:8)
    at Protocol._parsePacket (S:\github\Genluo\node_modules\mysql\lib\protocol\Protocol.js:278:23)
    at Parser.write (S:\github\Genluo\node_modules\mysql\lib\protocol\Parser.js:76:12)
    at Protocol.write (S:\github\Genluo\node_modules\mysql\lib\protocol\Protocol.js:38:16)
    at Socket.<anonymous> (S:\github\Genluo\node_modules\mysql\lib\Connection.js:91:28)
    at Socket.<anonymous> (S:\github\Genluo\node_modules\mysql\lib\Connection.js:502:10)
    at emitOne (events.js:116:13)
    at Socket.emit (events.js:211:7)
    at addChunk (_stream_readable.js:263:12)
  code: 'ER_PARSE_ERROR',
  errno: 1064,
  sqlMessage: 'You have an error in your SQL syntax; check the manual that corresponds to your MySQL server version for the right syntax to use near \'status <> \'delete\'\n      \n    order by create_time DESC\n    LIMIT 0,\n    10\' at line 15',
  sqlState: '42000',
  index: 0,
  sql: '\n    SELECT\n      title,\n      update_time,\n      read_num,\n      descript,\n      create_time,\n      STATUS,\n      categroy_id,\n      \n      name as \'categroy_name\',\n      article.id AS \'article_id\'\n    FROM\n      article,\n      categroy\n    WHERE\n      article.categroy_id = categroy.id \n      \n      \n      status <> \'delete\'\n      \n    order by create_time DESC\n    LIMIT 0,\n    10;\n  ' }
[2018-10-20T21:24:29.453][ERROR  10392  default] /api/article/list { page: 1 } { Error: ER_PARSE_ERROR: You have an error in your SQL syntax; check the manual that corresponds to your MySQL server version for the right syntax to use near 'status <> 'delete'
      
    order by create_time DESC
    LIMIT 0,
    10' at line 15
    at Query.Sequence._packetToError (S:\github\Genluo\node_modules\mysql\lib\protocol\sequences\Sequence.js:47:14)
    at Query.ErrorPacket (S:\github\Genluo\node_modules\mysql\lib\protocol\sequences\Query.js:77:18)
    at Protocol._parsePacket (S:\github\Genluo\node_modules\mysql\lib\protocol\Protocol.js:278:23)
    at Parser.write (S:\github\Genluo\node_modules\mysql\lib\protocol\Parser.js:76:12)
    at Protocol.write (S:\github\Genluo\node_modules\mysql\lib\protocol\Protocol.js:38:16)
    at Socket.<anonymous> (S:\github\Genluo\node_modules\mysql\lib\Connection.js:91:28)
    at Socket.<anonymous> (S:\github\Genluo\node_modules\mysql\lib\Connection.js:502:10)
    at emitOne (events.js:116:13)
    at Socket.emit (events.js:211:7)
    at addChunk (_stream_readable.js:263:12)
    at readableAddChunk (_stream_readable.js:250:11)
    at Socket.Readable.push (_stream_readable.js:208:10)
    at TCP.onread (net.js:601:20)
    --------------------
    at Protocol._enqueue (S:\github\Genluo\node_modules\mysql\lib\protocol\Protocol.js:144:48)
    at PoolConnection.query (S:\github\Genluo\node_modules\mysql\lib\Connection.js:200:25)
    at pool.getConnection (S:\github\Genluo\server\db\index.js:11:20)
    at Ping.onOperationComplete (S:\github\Genluo\node_modules\mysql\lib\Pool.js:110:5)
    at Ping.<anonymous> (S:\github\Genluo\node_modules\mysql\lib\Connection.js:502:10)
    at Ping._callback (S:\github\Genluo\node_modules\mysql\lib\Connection.js:468:16)
    at Ping.Sequence.end (S:\github\Genluo\node_modules\mysql\lib\protocol\sequences\Sequence.js:83:24)
    at Ping.Sequence.OkPacket (S:\github\Genluo\node_modules\mysql\lib\protocol\sequences\Sequence.js:92:8)
    at Protocol._parsePacket (S:\github\Genluo\node_modules\mysql\lib\protocol\Protocol.js:278:23)
    at Parser.write (S:\github\Genluo\node_modules\mysql\lib\protocol\Parser.js:76:12)
    at Protocol.write (S:\github\Genluo\node_modules\mysql\lib\protocol\Protocol.js:38:16)
    at Socket.<anonymous> (S:\github\Genluo\node_modules\mysql\lib\Connection.js:91:28)
    at Socket.<anonymous> (S:\github\Genluo\node_modules\mysql\lib\Connection.js:502:10)
    at emitOne (events.js:116:13)
    at Socket.emit (events.js:211:7)
    at addChunk (_stream_readable.js:263:12)
  code: 'ER_PARSE_ERROR',
  errno: 1064,
  sqlMessage: 'You have an error in your SQL syntax; check the manual that corresponds to your MySQL server version for the right syntax to use near \'status <> \'delete\'\n      \n    order by create_time DESC\n    LIMIT 0,\n    10\' at line 15',
  sqlState: '42000',
  index: 0,
  sql: '\n    SELECT\n      title,\n      update_time,\n      read_num,\n      descript,\n      create_time,\n      STATUS,\n      categroy_id,\n      \n      name as \'categroy_name\',\n      article.id AS \'article_id\'\n    FROM\n      article,\n      categroy\n    WHERE\n      article.categroy_id = categroy.id \n      \n      \n      status <> \'delete\'\n      \n    order by create_time DESC\n    LIMIT 0,\n    10;\n  ' }
[2018-10-20T21:25:36.081][ERROR  10392  default] /api/article/list { page: 1 } { Error: ER_PARSE_ERROR: You have an error in your SQL syntax; check the manual that corresponds to your MySQL server version for the right syntax to use near 'status <> 'delete'
      
    order by create_time DESC
    LIMIT 0,
    10' at line 15
    at Query.Sequence._packetToError (S:\github\Genluo\node_modules\mysql\lib\protocol\sequences\Sequence.js:47:14)
    at Query.ErrorPacket (S:\github\Genluo\node_modules\mysql\lib\protocol\sequences\Query.js:77:18)
    at Protocol._parsePacket (S:\github\Genluo\node_modules\mysql\lib\protocol\Protocol.js:278:23)
    at Parser.write (S:\github\Genluo\node_modules\mysql\lib\protocol\Parser.js:76:12)
    at Protocol.write (S:\github\Genluo\node_modules\mysql\lib\protocol\Protocol.js:38:16)
    at Socket.<anonymous> (S:\github\Genluo\node_modules\mysql\lib\Connection.js:91:28)
    at Socket.<anonymous> (S:\github\Genluo\node_modules\mysql\lib\Connection.js:502:10)
    at emitOne (events.js:116:13)
    at Socket.emit (events.js:211:7)
    at addChunk (_stream_readable.js:263:12)
    at readableAddChunk (_stream_readable.js:250:11)
    at Socket.Readable.push (_stream_readable.js:208:10)
    at TCP.onread (net.js:601:20)
    --------------------
    at Protocol._enqueue (S:\github\Genluo\node_modules\mysql\lib\protocol\Protocol.js:144:48)
    at PoolConnection.query (S:\github\Genluo\node_modules\mysql\lib\Connection.js:200:25)
    at pool.getConnection (S:\github\Genluo\server\db\index.js:11:20)
    at Ping.onOperationComplete (S:\github\Genluo\node_modules\mysql\lib\Pool.js:110:5)
    at Ping.<anonymous> (S:\github\Genluo\node_modules\mysql\lib\Connection.js:502:10)
    at Ping._callback (S:\github\Genluo\node_modules\mysql\lib\Connection.js:468:16)
    at Ping.Sequence.end (S:\github\Genluo\node_modules\mysql\lib\protocol\sequences\Sequence.js:83:24)
    at Ping.Sequence.OkPacket (S:\github\Genluo\node_modules\mysql\lib\protocol\sequences\Sequence.js:92:8)
    at Protocol._parsePacket (S:\github\Genluo\node_modules\mysql\lib\protocol\Protocol.js:278:23)
    at Parser.write (S:\github\Genluo\node_modules\mysql\lib\protocol\Parser.js:76:12)
    at Protocol.write (S:\github\Genluo\node_modules\mysql\lib\protocol\Protocol.js:38:16)
    at Socket.<anonymous> (S:\github\Genluo\node_modules\mysql\lib\Connection.js:91:28)
    at Socket.<anonymous> (S:\github\Genluo\node_modules\mysql\lib\Connection.js:502:10)
    at emitOne (events.js:116:13)
    at Socket.emit (events.js:211:7)
    at addChunk (_stream_readable.js:263:12)
  code: 'ER_PARSE_ERROR',
  errno: 1064,
  sqlMessage: 'You have an error in your SQL syntax; check the manual that corresponds to your MySQL server version for the right syntax to use near \'status <> \'delete\'\n      \n    order by create_time DESC\n    LIMIT 0,\n    10\' at line 15',
  sqlState: '42000',
  index: 0,
  sql: '\n    SELECT\n      title,\n      update_time,\n      read_num,\n      descript,\n      create_time,\n      STATUS,\n      categroy_id,\n      \n      name as \'categroy_name\',\n      article.id AS \'article_id\'\n    FROM\n      article,\n      categroy\n    WHERE\n      article.categroy_id = categroy.id \n      \n      \n      status <> \'delete\'\n      \n    order by create_time DESC\n    LIMIT 0,\n    10;\n  ' }
