[2018-11-05T10:27:47.803][ERROR  15608  default] /api/article/list { page: 1 } { Error: connect ETIMEDOUT
    at PoolConnection.Connection._handleConnectTimeout (/usr/local/github/Genluo/node_modules/mysql/lib/Connection.js:411:13)
    at Object.onceWrapper (events.js:273:13)
    at Socket.emit (events.js:182:13)
    at Socket._onTimeout (net.js:449:8)
    at ontimeout (timers.js:436:11)
    at tryOnTimeout (timers.js:300:5)
    at listOnTimeout (timers.js:263:5)
    at Timer.processTimers (timers.js:223:10)
    --------------------
    at Protocol._enqueue (/usr/local/github/Genluo/node_modules/mysql/lib/protocol/Protocol.js:144:48)
    at Protocol.handshake (/usr/local/github/Genluo/node_modules/mysql/lib/protocol/Protocol.js:51:23)
    at PoolConnection.connect (/usr/local/github/Genluo/node_modules/mysql/lib/Connection.js:118:18)
    at Pool.getConnection (/usr/local/github/Genluo/node_modules/mysql/lib/Pool.js:48:16)
    at Promise (/usr/local/github/Genluo/server/db/index.js:7:10)
    at new Promise (<anonymous>)
    at Object.query (/usr/local/github/Genluo/server/db/index.js:6:10)
    at Object.getArticle (/usr/local/github/Genluo/server/service/blog.js:57:54)
    at articleList (/usr/local/github/Genluo/server/controller/client.js:11:33)
    at dispatch (/usr/local/github/Genluo/node_modules/koa-router/node_modules/koa-compose/index.js:44:32)
    at next (/usr/local/github/Genluo/node_modules/koa-router/node_modules/koa-compose/index.js:45:18)
    at /usr/local/github/Genluo/node_modules/koa-router/lib/router.js:346:16
    at dispatch (/usr/local/github/Genluo/node_modules/koa-router/node_modules/koa-compose/index.js:44:32)
    at /usr/local/github/Genluo/node_modules/koa-router/node_modules/koa-compose/index.js:36:12
    at dispatch (/usr/local/github/Genluo/node_modules/koa-router/lib/router.js:351:31)
    at dispatch (/usr/local/github/Genluo/node_modules/koa/node_modules/koa-compose/index.js:42:32)
  errorno: 'ETIMEDOUT',
  code: 'ETIMEDOUT',
  syscall: 'connect',
  fatal: true }
[2018-11-05T10:27:47.810][ERROR  15608  default] /api/statistics/detail {} { Error: Handshake inactivity timeout
    at Handshake.<anonymous> (/usr/local/github/Genluo/node_modules/mysql/lib/protocol/Protocol.js:163:17)
    at Handshake.emit (events.js:182:13)
    at Handshake._onTimeout (/usr/local/github/Genluo/node_modules/mysql/lib/protocol/sequences/Sequence.js:124:8)
    at Timer._onTimeout (/usr/local/github/Genluo/node_modules/mysql/lib/protocol/Timer.js:32:23)
    at ontimeout (timers.js:436:11)
    at tryOnTimeout (timers.js:300:5)
    at listOnTimeout (timers.js:263:5)
    at Timer.processTimers (timers.js:223:10)
    --------------------
    at Protocol._enqueue (/usr/local/github/Genluo/node_modules/mysql/lib/protocol/Protocol.js:144:48)
    at Protocol.handshake (/usr/local/github/Genluo/node_modules/mysql/lib/protocol/Protocol.js:51:23)
    at PoolConnection.connect (/usr/local/github/Genluo/node_modules/mysql/lib/Connection.js:118:18)
    at Pool.getConnection (/usr/local/github/Genluo/node_modules/mysql/lib/Pool.js:48:16)
    at Promise (/usr/local/github/Genluo/server/db/index.js:7:10)
    at new Promise (<anonymous>)
    at query (/usr/local/github/Genluo/server/db/index.js:6:10)
    at statistics (/usr/local/github/Genluo/server/controller/client.js:91:72)
    at dispatch (/usr/local/github/Genluo/node_modules/koa-router/node_modules/koa-compose/index.js:44:32)
    at next (/usr/local/github/Genluo/node_modules/koa-router/node_modules/koa-compose/index.js:45:18)
    at /usr/local/github/Genluo/node_modules/koa-router/lib/router.js:346:16
    at dispatch (/usr/local/github/Genluo/node_modules/koa-router/node_modules/koa-compose/index.js:44:32)
    at /usr/local/github/Genluo/node_modules/koa-router/node_modules/koa-compose/index.js:36:12
    at dispatch (/usr/local/github/Genluo/node_modules/koa-router/lib/router.js:351:31)
    at dispatch (/usr/local/github/Genluo/node_modules/koa/node_modules/koa-compose/index.js:42:32)
    at server.use (/usr/local/github/Genluo/server/index.js:29:13)
  code: 'PROTOCOL_SEQUENCE_TIMEOUT',
  fatal: true,
  timeout: 10000 }
