[2018-10-24T19:17:17.383][ERROR  4464  default] /api/article/detail/module.js {} { Error: ER_BAD_FIELD_ERROR: Unknown column 'module.js' in 'where clause'
    at Query.Sequence._packetToError (S:\github\Genluo\node_modules\mysql\lib\protocol\sequences\Sequence.js:47:14)
    at Query.ErrorPacket (S:\github\Genluo\node_modules\mysql\lib\protocol\sequences\Query.js:77:18)
    at Protocol._parsePacket (S:\github\Genluo\node_modules\mysql\lib\protocol\Protocol.js:278:23)
    at Parser.write (S:\github\Genluo\node_modules\mysql\lib\protocol\Parser.js:76:12)
    at Protocol.write (S:\github\Genluo\node_modules\mysql\lib\protocol\Protocol.js:38:16)
    at Socket.<anonymous> (S:\github\Genluo\node_modules\mysql\lib\Connection.js:91:28)
    at Socket.<anonymous> (S:\github\Genluo\node_modules\mysql\lib\Connection.js:502:10)
    at emitOne (events.js:116:13)
    at Socket.emit (events.js:211:7)
    at addChunk (_stream_readable.js:263:12)
    at readableAddChunk (_stream_readable.js:250:11)
    at Socket.Readable.push (_stream_readable.js:208:10)
    at TCP.onread (net.js:601:20)
    --------------------
    at Protocol._enqueue (S:\github\Genluo\node_modules\mysql\lib\protocol\Protocol.js:144:48)
    at PoolConnection.query (S:\github\Genluo\node_modules\mysql\lib\Connection.js:200:25)
    at pool.getConnection (S:\github\Genluo\server\db\index.js:11:20)
    at Handshake.onConnect (S:\github\Genluo\node_modules\mysql\lib\Pool.js:64:7)
    at Handshake.<anonymous> (S:\github\Genluo\node_modules\mysql\lib\Connection.js:502:10)
    at Handshake._callback (S:\github\Genluo\node_modules\mysql\lib\Connection.js:468:16)
    at Handshake.Sequence.end (S:\github\Genluo\node_modules\mysql\lib\protocol\sequences\Sequence.js:83:24)
    at Handshake.Sequence.OkPacket (S:\github\Genluo\node_modules\mysql\lib\protocol\sequences\Sequence.js:92:8)
    at Protocol._parsePacket (S:\github\Genluo\node_modules\mysql\lib\protocol\Protocol.js:278:23)
    at Parser.write (S:\github\Genluo\node_modules\mysql\lib\protocol\Parser.js:76:12)
    at Protocol.write (S:\github\Genluo\node_modules\mysql\lib\protocol\Protocol.js:38:16)
    at Socket.<anonymous> (S:\github\Genluo\node_modules\mysql\lib\Connection.js:91:28)
    at Socket.<anonymous> (S:\github\Genluo\node_modules\mysql\lib\Connection.js:502:10)
    at emitOne (events.js:116:13)
    at Socket.emit (events.js:211:7)
    at addChunk (_stream_readable.js:263:12)
  code: 'ER_BAD_FIELD_ERROR',
  errno: 1054,
  sqlMessage: 'Unknown column \'module.js\' in \'where clause\'',
  sqlState: '42S22',
  index: 0,
  sql: '\n    SELECT\n      title,\n      update_time,\n      read_num,\n      descript,\n      create_time,\n      STATUS,\n      categroy_id,\n      content,\n      name as \'categroy_name\',\n      article.id AS \'article_id\'\n    FROM\n      article,\n      categroy\n    WHERE\n      article.categroy_id = categroy.id \n      \n      and article.id = module.js\n      \n      \n      and status <> \'delete\'\n      \n    order by create_time DESC\n    LIMIT 0,\n    10;\n  ' }
[2018-10-24T19:17:17.477][ERROR  4464  default] /api/article/read/undefined {} { Error: ER_BAD_FIELD_ERROR: Unknown column 'undefined' in 'where clause'
    at Query.Sequence._packetToError (S:\github\Genluo\node_modules\mysql\lib\protocol\sequences\Sequence.js:47:14)
    at Query.ErrorPacket (S:\github\Genluo\node_modules\mysql\lib\protocol\sequences\Query.js:77:18)
    at Protocol._parsePacket (S:\github\Genluo\node_modules\mysql\lib\protocol\Protocol.js:278:23)
    at Parser.write (S:\github\Genluo\node_modules\mysql\lib\protocol\Parser.js:76:12)
    at Protocol.write (S:\github\Genluo\node_modules\mysql\lib\protocol\Protocol.js:38:16)
    at Socket.<anonymous> (S:\github\Genluo\node_modules\mysql\lib\Connection.js:91:28)
    at Socket.<anonymous> (S:\github\Genluo\node_modules\mysql\lib\Connection.js:502:10)
    at emitOne (events.js:116:13)
    at Socket.emit (events.js:211:7)
    at addChunk (_stream_readable.js:263:12)
    at readableAddChunk (_stream_readable.js:250:11)
    at Socket.Readable.push (_stream_readable.js:208:10)
    at TCP.onread (net.js:601:20)
    --------------------
    at Protocol._enqueue (S:\github\Genluo\node_modules\mysql\lib\protocol\Protocol.js:144:48)
    at PoolConnection.query (S:\github\Genluo\node_modules\mysql\lib\Connection.js:200:25)
    at pool.getConnection (S:\github\Genluo\server\db\index.js:11:20)
    at Ping.onOperationComplete (S:\github\Genluo\node_modules\mysql\lib\Pool.js:110:5)
    at Ping.<anonymous> (S:\github\Genluo\node_modules\mysql\lib\Connection.js:502:10)
    at Ping._callback (S:\github\Genluo\node_modules\mysql\lib\Connection.js:468:16)
    at Ping.Sequence.end (S:\github\Genluo\node_modules\mysql\lib\protocol\sequences\Sequence.js:83:24)
    at Ping.Sequence.OkPacket (S:\github\Genluo\node_modules\mysql\lib\protocol\sequences\Sequence.js:92:8)
    at Protocol._parsePacket (S:\github\Genluo\node_modules\mysql\lib\protocol\Protocol.js:278:23)
    at Parser.write (S:\github\Genluo\node_modules\mysql\lib\protocol\Parser.js:76:12)
    at Protocol.write (S:\github\Genluo\node_modules\mysql\lib\protocol\Protocol.js:38:16)
    at Socket.<anonymous> (S:\github\Genluo\node_modules\mysql\lib\Connection.js:91:28)
    at Socket.<anonymous> (S:\github\Genluo\node_modules\mysql\lib\Connection.js:502:10)
    at emitOne (events.js:116:13)
    at Socket.emit (events.js:211:7)
    at addChunk (_stream_readable.js:263:12)
  code: 'ER_BAD_FIELD_ERROR',
  errno: 1054,
  sqlMessage: 'Unknown column \'undefined\' in \'where clause\'',
  sqlState: '42S22',
  index: 0,
  sql: '\n    select\n      read_num\n    from article\n    where id = undefined\n  ' }
[2018-10-24T19:17:25.848][ERROR  4464  default] /api/article/detail/module.js {} { Error: ER_BAD_FIELD_ERROR: Unknown column 'module.js' in 'where clause'
    at Query.Sequence._packetToError (S:\github\Genluo\node_modules\mysql\lib\protocol\sequences\Sequence.js:47:14)
    at Query.ErrorPacket (S:\github\Genluo\node_modules\mysql\lib\protocol\sequences\Query.js:77:18)
    at Protocol._parsePacket (S:\github\Genluo\node_modules\mysql\lib\protocol\Protocol.js:278:23)
    at Parser.write (S:\github\Genluo\node_modules\mysql\lib\protocol\Parser.js:76:12)
    at Protocol.write (S:\github\Genluo\node_modules\mysql\lib\protocol\Protocol.js:38:16)
    at Socket.<anonymous> (S:\github\Genluo\node_modules\mysql\lib\Connection.js:91:28)
    at Socket.<anonymous> (S:\github\Genluo\node_modules\mysql\lib\Connection.js:502:10)
    at emitOne (events.js:116:13)
    at Socket.emit (events.js:211:7)
    at addChunk (_stream_readable.js:263:12)
    at readableAddChunk (_stream_readable.js:250:11)
    at Socket.Readable.push (_stream_readable.js:208:10)
    at TCP.onread (net.js:601:20)
    --------------------
    at Protocol._enqueue (S:\github\Genluo\node_modules\mysql\lib\protocol\Protocol.js:144:48)
    at PoolConnection.query (S:\github\Genluo\node_modules\mysql\lib\Connection.js:200:25)
    at pool.getConnection (S:\github\Genluo\server\db\index.js:11:20)
    at Ping.onOperationComplete (S:\github\Genluo\node_modules\mysql\lib\Pool.js:110:5)
    at Ping.<anonymous> (S:\github\Genluo\node_modules\mysql\lib\Connection.js:502:10)
    at Ping._callback (S:\github\Genluo\node_modules\mysql\lib\Connection.js:468:16)
    at Ping.Sequence.end (S:\github\Genluo\node_modules\mysql\lib\protocol\sequences\Sequence.js:83:24)
    at Ping.Sequence.OkPacket (S:\github\Genluo\node_modules\mysql\lib\protocol\sequences\Sequence.js:92:8)
    at Protocol._parsePacket (S:\github\Genluo\node_modules\mysql\lib\protocol\Protocol.js:278:23)
    at Parser.write (S:\github\Genluo\node_modules\mysql\lib\protocol\Parser.js:76:12)
    at Protocol.write (S:\github\Genluo\node_modules\mysql\lib\protocol\Protocol.js:38:16)
    at Socket.<anonymous> (S:\github\Genluo\node_modules\mysql\lib\Connection.js:91:28)
    at Socket.<anonymous> (S:\github\Genluo\node_modules\mysql\lib\Connection.js:502:10)
    at emitOne (events.js:116:13)
    at Socket.emit (events.js:211:7)
    at addChunk (_stream_readable.js:263:12)
  code: 'ER_BAD_FIELD_ERROR',
  errno: 1054,
  sqlMessage: 'Unknown column \'module.js\' in \'where clause\'',
  sqlState: '42S22',
  index: 0,
  sql: '\n    SELECT\n      title,\n      update_time,\n      read_num,\n      descript,\n      create_time,\n      STATUS,\n      categroy_id,\n      content,\n      name as \'categroy_name\',\n      article.id AS \'article_id\'\n    FROM\n      article,\n      categroy\n    WHERE\n      article.categroy_id = categroy.id \n      \n      and article.id = module.js\n      \n      \n      and status <> \'delete\'\n      \n    order by create_time DESC\n    LIMIT 0,\n    10;\n  ' }
[2018-10-24T19:17:25.921][ERROR  4464  default] /api/article/read/undefined {} { Error: ER_BAD_FIELD_ERROR: Unknown column 'undefined' in 'where clause'
    at Query.Sequence._packetToError (S:\github\Genluo\node_modules\mysql\lib\protocol\sequences\Sequence.js:47:14)
    at Query.ErrorPacket (S:\github\Genluo\node_modules\mysql\lib\protocol\sequences\Query.js:77:18)
    at Protocol._parsePacket (S:\github\Genluo\node_modules\mysql\lib\protocol\Protocol.js:278:23)
    at Parser.write (S:\github\Genluo\node_modules\mysql\lib\protocol\Parser.js:76:12)
    at Protocol.write (S:\github\Genluo\node_modules\mysql\lib\protocol\Protocol.js:38:16)
    at Socket.<anonymous> (S:\github\Genluo\node_modules\mysql\lib\Connection.js:91:28)
    at Socket.<anonymous> (S:\github\Genluo\node_modules\mysql\lib\Connection.js:502:10)
    at emitOne (events.js:116:13)
    at Socket.emit (events.js:211:7)
    at addChunk (_stream_readable.js:263:12)
    at readableAddChunk (_stream_readable.js:250:11)
    at Socket.Readable.push (_stream_readable.js:208:10)
    at TCP.onread (net.js:601:20)
    --------------------
    at Protocol._enqueue (S:\github\Genluo\node_modules\mysql\lib\protocol\Protocol.js:144:48)
    at PoolConnection.query (S:\github\Genluo\node_modules\mysql\lib\Connection.js:200:25)
    at pool.getConnection (S:\github\Genluo\server\db\index.js:11:20)
    at Ping.onOperationComplete (S:\github\Genluo\node_modules\mysql\lib\Pool.js:110:5)
    at Ping.<anonymous> (S:\github\Genluo\node_modules\mysql\lib\Connection.js:502:10)
    at Ping._callback (S:\github\Genluo\node_modules\mysql\lib\Connection.js:468:16)
    at Ping.Sequence.end (S:\github\Genluo\node_modules\mysql\lib\protocol\sequences\Sequence.js:83:24)
    at Ping.Sequence.OkPacket (S:\github\Genluo\node_modules\mysql\lib\protocol\sequences\Sequence.js:92:8)
    at Protocol._parsePacket (S:\github\Genluo\node_modules\mysql\lib\protocol\Protocol.js:278:23)
    at Parser.write (S:\github\Genluo\node_modules\mysql\lib\protocol\Parser.js:76:12)
    at Protocol.write (S:\github\Genluo\node_modules\mysql\lib\protocol\Protocol.js:38:16)
    at Socket.<anonymous> (S:\github\Genluo\node_modules\mysql\lib\Connection.js:91:28)
    at Socket.<anonymous> (S:\github\Genluo\node_modules\mysql\lib\Connection.js:502:10)
    at emitOne (events.js:116:13)
    at Socket.emit (events.js:211:7)
    at addChunk (_stream_readable.js:263:12)
  code: 'ER_BAD_FIELD_ERROR',
  errno: 1054,
  sqlMessage: 'Unknown column \'undefined\' in \'where clause\'',
  sqlState: '42S22',
  index: 0,
  sql: '\n    select\n      read_num\n    from article\n    where id = undefined\n  ' }
[2018-10-24T19:17:36.266][ERROR  4464  default] /api/article/detail/module.js {} { Error: ER_BAD_FIELD_ERROR: Unknown column 'module.js' in 'where clause'
    at Query.Sequence._packetToError (S:\github\Genluo\node_modules\mysql\lib\protocol\sequences\Sequence.js:47:14)
    at Query.ErrorPacket (S:\github\Genluo\node_modules\mysql\lib\protocol\sequences\Query.js:77:18)
    at Protocol._parsePacket (S:\github\Genluo\node_modules\mysql\lib\protocol\Protocol.js:278:23)
    at Parser.write (S:\github\Genluo\node_modules\mysql\lib\protocol\Parser.js:76:12)
    at Protocol.write (S:\github\Genluo\node_modules\mysql\lib\protocol\Protocol.js:38:16)
    at Socket.<anonymous> (S:\github\Genluo\node_modules\mysql\lib\Connection.js:91:28)
    at Socket.<anonymous> (S:\github\Genluo\node_modules\mysql\lib\Connection.js:502:10)
    at emitOne (events.js:116:13)
    at Socket.emit (events.js:211:7)
    at addChunk (_stream_readable.js:263:12)
    at readableAddChunk (_stream_readable.js:250:11)
    at Socket.Readable.push (_stream_readable.js:208:10)
    at TCP.onread (net.js:601:20)
    --------------------
    at Protocol._enqueue (S:\github\Genluo\node_modules\mysql\lib\protocol\Protocol.js:144:48)
    at PoolConnection.query (S:\github\Genluo\node_modules\mysql\lib\Connection.js:200:25)
    at pool.getConnection (S:\github\Genluo\server\db\index.js:11:20)
    at Ping.onOperationComplete (S:\github\Genluo\node_modules\mysql\lib\Pool.js:110:5)
    at Ping.<anonymous> (S:\github\Genluo\node_modules\mysql\lib\Connection.js:502:10)
    at Ping._callback (S:\github\Genluo\node_modules\mysql\lib\Connection.js:468:16)
    at Ping.Sequence.end (S:\github\Genluo\node_modules\mysql\lib\protocol\sequences\Sequence.js:83:24)
    at Ping.Sequence.OkPacket (S:\github\Genluo\node_modules\mysql\lib\protocol\sequences\Sequence.js:92:8)
    at Protocol._parsePacket (S:\github\Genluo\node_modules\mysql\lib\protocol\Protocol.js:278:23)
    at Parser.write (S:\github\Genluo\node_modules\mysql\lib\protocol\Parser.js:76:12)
    at Protocol.write (S:\github\Genluo\node_modules\mysql\lib\protocol\Protocol.js:38:16)
    at Socket.<anonymous> (S:\github\Genluo\node_modules\mysql\lib\Connection.js:91:28)
    at Socket.<anonymous> (S:\github\Genluo\node_modules\mysql\lib\Connection.js:502:10)
    at emitOne (events.js:116:13)
    at Socket.emit (events.js:211:7)
    at addChunk (_stream_readable.js:263:12)
  code: 'ER_BAD_FIELD_ERROR',
  errno: 1054,
  sqlMessage: 'Unknown column \'module.js\' in \'where clause\'',
  sqlState: '42S22',
  index: 0,
  sql: '\n    SELECT\n      count(*)\n    FROM\n      article,\n      categroy\n    WHERE\n      article.categroy_id = categroy.id \n      \n      and article.id = module.js\n      \n      \n      \n  ' }
[2018-10-24T19:17:36.344][ERROR  4464  default] /api/article/read/undefined {} { Error: ER_BAD_FIELD_ERROR: Unknown column 'undefined' in 'where clause'
    at Query.Sequence._packetToError (S:\github\Genluo\node_modules\mysql\lib\protocol\sequences\Sequence.js:47:14)
    at Query.ErrorPacket (S:\github\Genluo\node_modules\mysql\lib\protocol\sequences\Query.js:77:18)
    at Protocol._parsePacket (S:\github\Genluo\node_modules\mysql\lib\protocol\Protocol.js:278:23)
    at Parser.write (S:\github\Genluo\node_modules\mysql\lib\protocol\Parser.js:76:12)
    at Protocol.write (S:\github\Genluo\node_modules\mysql\lib\protocol\Protocol.js:38:16)
    at Socket.<anonymous> (S:\github\Genluo\node_modules\mysql\lib\Connection.js:91:28)
    at Socket.<anonymous> (S:\github\Genluo\node_modules\mysql\lib\Connection.js:502:10)
    at emitOne (events.js:116:13)
    at Socket.emit (events.js:211:7)
    at addChunk (_stream_readable.js:263:12)
    at readableAddChunk (_stream_readable.js:250:11)
    at Socket.Readable.push (_stream_readable.js:208:10)
    at TCP.onread (net.js:601:20)
    --------------------
    at Protocol._enqueue (S:\github\Genluo\node_modules\mysql\lib\protocol\Protocol.js:144:48)
    at PoolConnection.query (S:\github\Genluo\node_modules\mysql\lib\Connection.js:200:25)
    at pool.getConnection (S:\github\Genluo\server\db\index.js:11:20)
    at Ping.onOperationComplete (S:\github\Genluo\node_modules\mysql\lib\Pool.js:110:5)
    at Ping.<anonymous> (S:\github\Genluo\node_modules\mysql\lib\Connection.js:502:10)
    at Ping._callback (S:\github\Genluo\node_modules\mysql\lib\Connection.js:468:16)
    at Ping.Sequence.end (S:\github\Genluo\node_modules\mysql\lib\protocol\sequences\Sequence.js:83:24)
    at Ping.Sequence.OkPacket (S:\github\Genluo\node_modules\mysql\lib\protocol\sequences\Sequence.js:92:8)
    at Protocol._parsePacket (S:\github\Genluo\node_modules\mysql\lib\protocol\Protocol.js:278:23)
    at Parser.write (S:\github\Genluo\node_modules\mysql\lib\protocol\Parser.js:76:12)
    at Protocol.write (S:\github\Genluo\node_modules\mysql\lib\protocol\Protocol.js:38:16)
    at Socket.<anonymous> (S:\github\Genluo\node_modules\mysql\lib\Connection.js:91:28)
    at Socket.<anonymous> (S:\github\Genluo\node_modules\mysql\lib\Connection.js:502:10)
    at emitOne (events.js:116:13)
    at Socket.emit (events.js:211:7)
    at addChunk (_stream_readable.js:263:12)
  code: 'ER_BAD_FIELD_ERROR',
  errno: 1054,
  sqlMessage: 'Unknown column \'undefined\' in \'where clause\'',
  sqlState: '42S22',
  index: 0,
  sql: '\n    select\n      read_num\n    from article\n    where id = undefined\n  ' }
[2018-10-24T19:17:46.531][ERROR  4464  default] /api/article/detail/module.js {} { Error: ER_BAD_FIELD_ERROR: Unknown column 'module.js' in 'where clause'
    at Query.Sequence._packetToError (S:\github\Genluo\node_modules\mysql\lib\protocol\sequences\Sequence.js:47:14)
    at Query.ErrorPacket (S:\github\Genluo\node_modules\mysql\lib\protocol\sequences\Query.js:77:18)
    at Protocol._parsePacket (S:\github\Genluo\node_modules\mysql\lib\protocol\Protocol.js:278:23)
    at Parser.write (S:\github\Genluo\node_modules\mysql\lib\protocol\Parser.js:76:12)
    at Protocol.write (S:\github\Genluo\node_modules\mysql\lib\protocol\Protocol.js:38:16)
    at Socket.<anonymous> (S:\github\Genluo\node_modules\mysql\lib\Connection.js:91:28)
    at Socket.<anonymous> (S:\github\Genluo\node_modules\mysql\lib\Connection.js:502:10)
    at emitOne (events.js:116:13)
    at Socket.emit (events.js:211:7)
    at addChunk (_stream_readable.js:263:12)
    at readableAddChunk (_stream_readable.js:250:11)
    at Socket.Readable.push (_stream_readable.js:208:10)
    at TCP.onread (net.js:601:20)
    --------------------
    at Protocol._enqueue (S:\github\Genluo\node_modules\mysql\lib\protocol\Protocol.js:144:48)
    at PoolConnection.query (S:\github\Genluo\node_modules\mysql\lib\Connection.js:200:25)
    at pool.getConnection (S:\github\Genluo\server\db\index.js:11:20)
    at Ping.onOperationComplete (S:\github\Genluo\node_modules\mysql\lib\Pool.js:110:5)
    at Ping.<anonymous> (S:\github\Genluo\node_modules\mysql\lib\Connection.js:502:10)
    at Ping._callback (S:\github\Genluo\node_modules\mysql\lib\Connection.js:468:16)
    at Ping.Sequence.end (S:\github\Genluo\node_modules\mysql\lib\protocol\sequences\Sequence.js:83:24)
    at Ping.Sequence.OkPacket (S:\github\Genluo\node_modules\mysql\lib\protocol\sequences\Sequence.js:92:8)
    at Protocol._parsePacket (S:\github\Genluo\node_modules\mysql\lib\protocol\Protocol.js:278:23)
    at Parser.write (S:\github\Genluo\node_modules\mysql\lib\protocol\Parser.js:76:12)
    at Protocol.write (S:\github\Genluo\node_modules\mysql\lib\protocol\Protocol.js:38:16)
    at Socket.<anonymous> (S:\github\Genluo\node_modules\mysql\lib\Connection.js:91:28)
    at Socket.<anonymous> (S:\github\Genluo\node_modules\mysql\lib\Connection.js:502:10)
    at emitOne (events.js:116:13)
    at Socket.emit (events.js:211:7)
    at addChunk (_stream_readable.js:263:12)
  code: 'ER_BAD_FIELD_ERROR',
  errno: 1054,
  sqlMessage: 'Unknown column \'module.js\' in \'where clause\'',
  sqlState: '42S22',
  index: 0,
  sql: '\n    SELECT\n      count(*)\n    FROM\n      article,\n      categroy\n    WHERE\n      article.categroy_id = categroy.id \n      \n      and article.id = module.js\n      \n      \n      \n  ' }
[2018-10-24T19:17:46.616][ERROR  4464  default] /api/article/read/undefined {} { Error: ER_BAD_FIELD_ERROR: Unknown column 'undefined' in 'where clause'
    at Query.Sequence._packetToError (S:\github\Genluo\node_modules\mysql\lib\protocol\sequences\Sequence.js:47:14)
    at Query.ErrorPacket (S:\github\Genluo\node_modules\mysql\lib\protocol\sequences\Query.js:77:18)
    at Protocol._parsePacket (S:\github\Genluo\node_modules\mysql\lib\protocol\Protocol.js:278:23)
    at Parser.write (S:\github\Genluo\node_modules\mysql\lib\protocol\Parser.js:76:12)
    at Protocol.write (S:\github\Genluo\node_modules\mysql\lib\protocol\Protocol.js:38:16)
    at Socket.<anonymous> (S:\github\Genluo\node_modules\mysql\lib\Connection.js:91:28)
    at Socket.<anonymous> (S:\github\Genluo\node_modules\mysql\lib\Connection.js:502:10)
    at emitOne (events.js:116:13)
    at Socket.emit (events.js:211:7)
    at addChunk (_stream_readable.js:263:12)
    at readableAddChunk (_stream_readable.js:250:11)
    at Socket.Readable.push (_stream_readable.js:208:10)
    at TCP.onread (net.js:601:20)
    --------------------
    at Protocol._enqueue (S:\github\Genluo\node_modules\mysql\lib\protocol\Protocol.js:144:48)
    at PoolConnection.query (S:\github\Genluo\node_modules\mysql\lib\Connection.js:200:25)
    at pool.getConnection (S:\github\Genluo\server\db\index.js:11:20)
    at Ping.onOperationComplete (S:\github\Genluo\node_modules\mysql\lib\Pool.js:110:5)
    at Ping.<anonymous> (S:\github\Genluo\node_modules\mysql\lib\Connection.js:502:10)
    at Ping._callback (S:\github\Genluo\node_modules\mysql\lib\Connection.js:468:16)
    at Ping.Sequence.end (S:\github\Genluo\node_modules\mysql\lib\protocol\sequences\Sequence.js:83:24)
    at Ping.Sequence.OkPacket (S:\github\Genluo\node_modules\mysql\lib\protocol\sequences\Sequence.js:92:8)
    at Protocol._parsePacket (S:\github\Genluo\node_modules\mysql\lib\protocol\Protocol.js:278:23)
    at Parser.write (S:\github\Genluo\node_modules\mysql\lib\protocol\Parser.js:76:12)
    at Protocol.write (S:\github\Genluo\node_modules\mysql\lib\protocol\Protocol.js:38:16)
    at Socket.<anonymous> (S:\github\Genluo\node_modules\mysql\lib\Connection.js:91:28)
    at Socket.<anonymous> (S:\github\Genluo\node_modules\mysql\lib\Connection.js:502:10)
    at emitOne (events.js:116:13)
    at Socket.emit (events.js:211:7)
    at addChunk (_stream_readable.js:263:12)
  code: 'ER_BAD_FIELD_ERROR',
  errno: 1054,
  sqlMessage: 'Unknown column \'undefined\' in \'where clause\'',
  sqlState: '42S22',
  index: 0,
  sql: '\n    select\n      read_num\n    from article\n    where id = undefined\n  ' }
[2018-10-24T19:17:56.928][ERROR  4464  default] /api/article/detail/module.js {} { Error: ER_BAD_FIELD_ERROR: Unknown column 'module.js' in 'where clause'
    at Query.Sequence._packetToError (S:\github\Genluo\node_modules\mysql\lib\protocol\sequences\Sequence.js:47:14)
    at Query.ErrorPacket (S:\github\Genluo\node_modules\mysql\lib\protocol\sequences\Query.js:77:18)
    at Protocol._parsePacket (S:\github\Genluo\node_modules\mysql\lib\protocol\Protocol.js:278:23)
    at Parser.write (S:\github\Genluo\node_modules\mysql\lib\protocol\Parser.js:76:12)
    at Protocol.write (S:\github\Genluo\node_modules\mysql\lib\protocol\Protocol.js:38:16)
    at Socket.<anonymous> (S:\github\Genluo\node_modules\mysql\lib\Connection.js:91:28)
    at Socket.<anonymous> (S:\github\Genluo\node_modules\mysql\lib\Connection.js:502:10)
    at emitOne (events.js:116:13)
    at Socket.emit (events.js:211:7)
    at addChunk (_stream_readable.js:263:12)
    at readableAddChunk (_stream_readable.js:250:11)
    at Socket.Readable.push (_stream_readable.js:208:10)
    at TCP.onread (net.js:601:20)
    --------------------
    at Protocol._enqueue (S:\github\Genluo\node_modules\mysql\lib\protocol\Protocol.js:144:48)
    at PoolConnection.query (S:\github\Genluo\node_modules\mysql\lib\Connection.js:200:25)
    at pool.getConnection (S:\github\Genluo\server\db\index.js:11:20)
    at Ping.onOperationComplete (S:\github\Genluo\node_modules\mysql\lib\Pool.js:110:5)
    at Ping.<anonymous> (S:\github\Genluo\node_modules\mysql\lib\Connection.js:502:10)
    at Ping._callback (S:\github\Genluo\node_modules\mysql\lib\Connection.js:468:16)
    at Ping.Sequence.end (S:\github\Genluo\node_modules\mysql\lib\protocol\sequences\Sequence.js:83:24)
    at Ping.Sequence.OkPacket (S:\github\Genluo\node_modules\mysql\lib\protocol\sequences\Sequence.js:92:8)
    at Protocol._parsePacket (S:\github\Genluo\node_modules\mysql\lib\protocol\Protocol.js:278:23)
    at Parser.write (S:\github\Genluo\node_modules\mysql\lib\protocol\Parser.js:76:12)
    at Protocol.write (S:\github\Genluo\node_modules\mysql\lib\protocol\Protocol.js:38:16)
    at Socket.<anonymous> (S:\github\Genluo\node_modules\mysql\lib\Connection.js:91:28)
    at Socket.<anonymous> (S:\github\Genluo\node_modules\mysql\lib\Connection.js:502:10)
    at emitOne (events.js:116:13)
    at Socket.emit (events.js:211:7)
    at addChunk (_stream_readable.js:263:12)
  code: 'ER_BAD_FIELD_ERROR',
  errno: 1054,
  sqlMessage: 'Unknown column \'module.js\' in \'where clause\'',
  sqlState: '42S22',
  index: 0,
  sql: '\n    SELECT\n      count(*)\n    FROM\n      article,\n      categroy\n    WHERE\n      article.categroy_id = categroy.id \n      \n      and article.id = module.js\n      \n      \n      \n  ' }
[2018-10-24T19:17:57.002][ERROR  4464  default] /api/article/read/undefined {} { Error: ER_BAD_FIELD_ERROR: Unknown column 'undefined' in 'where clause'
    at Query.Sequence._packetToError (S:\github\Genluo\node_modules\mysql\lib\protocol\sequences\Sequence.js:47:14)
    at Query.ErrorPacket (S:\github\Genluo\node_modules\mysql\lib\protocol\sequences\Query.js:77:18)
    at Protocol._parsePacket (S:\github\Genluo\node_modules\mysql\lib\protocol\Protocol.js:278:23)
    at Parser.write (S:\github\Genluo\node_modules\mysql\lib\protocol\Parser.js:76:12)
    at Protocol.write (S:\github\Genluo\node_modules\mysql\lib\protocol\Protocol.js:38:16)
    at Socket.<anonymous> (S:\github\Genluo\node_modules\mysql\lib\Connection.js:91:28)
    at Socket.<anonymous> (S:\github\Genluo\node_modules\mysql\lib\Connection.js:502:10)
    at emitOne (events.js:116:13)
    at Socket.emit (events.js:211:7)
    at addChunk (_stream_readable.js:263:12)
    at readableAddChunk (_stream_readable.js:250:11)
    at Socket.Readable.push (_stream_readable.js:208:10)
    at TCP.onread (net.js:601:20)
    --------------------
    at Protocol._enqueue (S:\github\Genluo\node_modules\mysql\lib\protocol\Protocol.js:144:48)
    at PoolConnection.query (S:\github\Genluo\node_modules\mysql\lib\Connection.js:200:25)
    at pool.getConnection (S:\github\Genluo\server\db\index.js:11:20)
    at Ping.onOperationComplete (S:\github\Genluo\node_modules\mysql\lib\Pool.js:110:5)
    at Ping.<anonymous> (S:\github\Genluo\node_modules\mysql\lib\Connection.js:502:10)
    at Ping._callback (S:\github\Genluo\node_modules\mysql\lib\Connection.js:468:16)
    at Ping.Sequence.end (S:\github\Genluo\node_modules\mysql\lib\protocol\sequences\Sequence.js:83:24)
    at Ping.Sequence.OkPacket (S:\github\Genluo\node_modules\mysql\lib\protocol\sequences\Sequence.js:92:8)
    at Protocol._parsePacket (S:\github\Genluo\node_modules\mysql\lib\protocol\Protocol.js:278:23)
    at Parser.write (S:\github\Genluo\node_modules\mysql\lib\protocol\Parser.js:76:12)
    at Protocol.write (S:\github\Genluo\node_modules\mysql\lib\protocol\Protocol.js:38:16)
    at Socket.<anonymous> (S:\github\Genluo\node_modules\mysql\lib\Connection.js:91:28)
    at Socket.<anonymous> (S:\github\Genluo\node_modules\mysql\lib\Connection.js:502:10)
    at emitOne (events.js:116:13)
    at Socket.emit (events.js:211:7)
    at addChunk (_stream_readable.js:263:12)
  code: 'ER_BAD_FIELD_ERROR',
  errno: 1054,
  sqlMessage: 'Unknown column \'undefined\' in \'where clause\'',
  sqlState: '42S22',
  index: 0,
  sql: '\n    select\n      read_num\n    from article\n    where id = undefined\n  ' }
[2018-10-24T19:18:07.258][ERROR  4464  default] /api/article/detail/module.js {} { Error: ER_BAD_FIELD_ERROR: Unknown column 'module.js' in 'where clause'
    at Query.Sequence._packetToError (S:\github\Genluo\node_modules\mysql\lib\protocol\sequences\Sequence.js:47:14)
    at Query.ErrorPacket (S:\github\Genluo\node_modules\mysql\lib\protocol\sequences\Query.js:77:18)
    at Protocol._parsePacket (S:\github\Genluo\node_modules\mysql\lib\protocol\Protocol.js:278:23)
    at Parser.write (S:\github\Genluo\node_modules\mysql\lib\protocol\Parser.js:76:12)
    at Protocol.write (S:\github\Genluo\node_modules\mysql\lib\protocol\Protocol.js:38:16)
    at Socket.<anonymous> (S:\github\Genluo\node_modules\mysql\lib\Connection.js:91:28)
    at Socket.<anonymous> (S:\github\Genluo\node_modules\mysql\lib\Connection.js:502:10)
    at emitOne (events.js:116:13)
    at Socket.emit (events.js:211:7)
    at addChunk (_stream_readable.js:263:12)
    at readableAddChunk (_stream_readable.js:250:11)
    at Socket.Readable.push (_stream_readable.js:208:10)
    at TCP.onread (net.js:601:20)
    --------------------
    at Protocol._enqueue (S:\github\Genluo\node_modules\mysql\lib\protocol\Protocol.js:144:48)
    at PoolConnection.query (S:\github\Genluo\node_modules\mysql\lib\Connection.js:200:25)
    at pool.getConnection (S:\github\Genluo\server\db\index.js:11:20)
    at Ping.onOperationComplete (S:\github\Genluo\node_modules\mysql\lib\Pool.js:110:5)
    at Ping.<anonymous> (S:\github\Genluo\node_modules\mysql\lib\Connection.js:502:10)
    at Ping._callback (S:\github\Genluo\node_modules\mysql\lib\Connection.js:468:16)
    at Ping.Sequence.end (S:\github\Genluo\node_modules\mysql\lib\protocol\sequences\Sequence.js:83:24)
    at Ping.Sequence.OkPacket (S:\github\Genluo\node_modules\mysql\lib\protocol\sequences\Sequence.js:92:8)
    at Protocol._parsePacket (S:\github\Genluo\node_modules\mysql\lib\protocol\Protocol.js:278:23)
    at Parser.write (S:\github\Genluo\node_modules\mysql\lib\protocol\Parser.js:76:12)
    at Protocol.write (S:\github\Genluo\node_modules\mysql\lib\protocol\Protocol.js:38:16)
    at Socket.<anonymous> (S:\github\Genluo\node_modules\mysql\lib\Connection.js:91:28)
    at Socket.<anonymous> (S:\github\Genluo\node_modules\mysql\lib\Connection.js:502:10)
    at emitOne (events.js:116:13)
    at Socket.emit (events.js:211:7)
    at addChunk (_stream_readable.js:263:12)
  code: 'ER_BAD_FIELD_ERROR',
  errno: 1054,
  sqlMessage: 'Unknown column \'module.js\' in \'where clause\'',
  sqlState: '42S22',
  index: 0,
  sql: '\n    SELECT\n      count(*)\n    FROM\n      article,\n      categroy\n    WHERE\n      article.categroy_id = categroy.id \n      \n      and article.id = module.js\n      \n      \n      \n  ' }
[2018-10-24T19:18:07.337][ERROR  4464  default] /api/article/read/undefined {} { Error: ER_BAD_FIELD_ERROR: Unknown column 'undefined' in 'where clause'
    at Query.Sequence._packetToError (S:\github\Genluo\node_modules\mysql\lib\protocol\sequences\Sequence.js:47:14)
    at Query.ErrorPacket (S:\github\Genluo\node_modules\mysql\lib\protocol\sequences\Query.js:77:18)
    at Protocol._parsePacket (S:\github\Genluo\node_modules\mysql\lib\protocol\Protocol.js:278:23)
    at Parser.write (S:\github\Genluo\node_modules\mysql\lib\protocol\Parser.js:76:12)
    at Protocol.write (S:\github\Genluo\node_modules\mysql\lib\protocol\Protocol.js:38:16)
    at Socket.<anonymous> (S:\github\Genluo\node_modules\mysql\lib\Connection.js:91:28)
    at Socket.<anonymous> (S:\github\Genluo\node_modules\mysql\lib\Connection.js:502:10)
    at emitOne (events.js:116:13)
    at Socket.emit (events.js:211:7)
    at addChunk (_stream_readable.js:263:12)
    at readableAddChunk (_stream_readable.js:250:11)
    at Socket.Readable.push (_stream_readable.js:208:10)
    at TCP.onread (net.js:601:20)
    --------------------
    at Protocol._enqueue (S:\github\Genluo\node_modules\mysql\lib\protocol\Protocol.js:144:48)
    at PoolConnection.query (S:\github\Genluo\node_modules\mysql\lib\Connection.js:200:25)
    at pool.getConnection (S:\github\Genluo\server\db\index.js:11:20)
    at Ping.onOperationComplete (S:\github\Genluo\node_modules\mysql\lib\Pool.js:110:5)
    at Ping.<anonymous> (S:\github\Genluo\node_modules\mysql\lib\Connection.js:502:10)
    at Ping._callback (S:\github\Genluo\node_modules\mysql\lib\Connection.js:468:16)
    at Ping.Sequence.end (S:\github\Genluo\node_modules\mysql\lib\protocol\sequences\Sequence.js:83:24)
    at Ping.Sequence.OkPacket (S:\github\Genluo\node_modules\mysql\lib\protocol\sequences\Sequence.js:92:8)
    at Protocol._parsePacket (S:\github\Genluo\node_modules\mysql\lib\protocol\Protocol.js:278:23)
    at Parser.write (S:\github\Genluo\node_modules\mysql\lib\protocol\Parser.js:76:12)
    at Protocol.write (S:\github\Genluo\node_modules\mysql\lib\protocol\Protocol.js:38:16)
    at Socket.<anonymous> (S:\github\Genluo\node_modules\mysql\lib\Connection.js:91:28)
    at Socket.<anonymous> (S:\github\Genluo\node_modules\mysql\lib\Connection.js:502:10)
    at emitOne (events.js:116:13)
    at Socket.emit (events.js:211:7)
    at addChunk (_stream_readable.js:263:12)
  code: 'ER_BAD_FIELD_ERROR',
  errno: 1054,
  sqlMessage: 'Unknown column \'undefined\' in \'where clause\'',
  sqlState: '42S22',
  index: 0,
  sql: '\n    select\n      read_num\n    from article\n    where id = undefined\n  ' }
